<?xml version="1.0" encoding="UTF-8"?>
<!-- Generated by org.testng.reporters.JUnitXMLReporter -->
<testsuite ignored="0" hostname="LAPTOP-9FGT47P4" failures="0" tests="8" name="ChromeTest" time="65.776" errors="0" timestamp="2022-11-02T15:40:23 IST">
  <testcase classname="testclasses.VerifySSC_CGL_TestSeriesFunctionality" name="@BeforeTest browserLaunch" time="32.4">
    <failure type="org.openqa.selenium.SessionNotCreatedException" message="session not created: This version of Microsoft Edge WebDriver only supports Microsoft Edge version 105
Current browser version is 107.0.1418.26 with binary path C:\Program Files (x86)\Microsoft\Edge\Application\msedge.exe
Build info: version: &amp;apos;3.141.59&amp;apos;, revision: &amp;apos;e82be7d358&amp;apos;, time: &amp;apos;2018-11-14T08:17:03&amp;apos;
System info: host: &amp;apos;LAPTOP-9FGT47P4&amp;apos;, ip: &amp;apos;192.168.43.209&amp;apos;, os.name: &amp;apos;Windows 10&amp;apos;, os.arch: &amp;apos;amd64&amp;apos;, os.version: &amp;apos;10.0&amp;apos;, java.version: &amp;apos;18.0.1.1&amp;apos;
Driver info: driver.version: EdgeDriver
remote stacktrace: Backtrace:
	Microsoft::Applications::Events::EventProperties::SetProperty [0x00007FF6EA252352+17554]
	Microsoft::Applications::Events::EventProperty::EventProperty [0x00007FF6EA1EECA2+1438690]
	Ordinal0 [0x00007FF6E9E19345+627525]
	Ordinal0 [0x00007FF6E9E473D4+816084]
	Ordinal0 [0x00007FF6E9E428B3+796851]
	Ordinal0 [0x00007FF6E9E3D9F0+776688]
	Ordinal0 [0x00007FF6E9E7969F+1021599]
	Ordinal0 [0x00007FF6E9E73A43+997955]
	Ordinal0 [0x00007FF6E9E494C0+824512]
	Ordinal0 [0x00007FF6E9E4A9F8+829944]
	Microsoft::Applications::Events::EventProperty::EventProperty [0x00007FF6EA0B0588+134344]
	Microsoft::Applications::Events::EventProperty::EventProperty [0x00007FF6EA099EB5+42485]
	Microsoft::Applications::Events::EventProperty::EventProperty [0x00007FF6EA09CF9C+55004]
	Ordinal0 [0x00007FF6E9F02E94+1584788]
	Microsoft::Applications::Events::EventProperty::EventProperty [0x00007FF6EA1F43EB+1461035]
	Microsoft::Applications::Events::EventProperty::EventProperty [0x00007FF6EA1F83B4+1477364]
	Microsoft::Applications::Events::EventProperty::EventProperty [0x00007FF6EA1F850D+1477709]
	Microsoft::Applications::Events::EventProperty::EventProperty [0x00007FF6EA2004D9+1510425]
	BaseThreadInitThunk [0x00007FFD5AFE7034+20]
	RtlUserThreadStart [0x00007FFD5BCA26A1+33]
">
      <![CDATA[org.openqa.selenium.SessionNotCreatedException: session not created: This version of Microsoft Edge WebDriver only supports Microsoft Edge version 105
Current browser version is 107.0.1418.26 with binary path C:\Program Files (x86)\Microsoft\Edge\Application\msedge.exe
Build info: version: '3.141.59', revision: 'e82be7d358', time: '2018-11-14T08:17:03'
System info: host: 'LAPTOP-9FGT47P4', ip: '192.168.43.209', os.name: 'Windows 10', os.arch: 'amd64', os.version: '10.0', java.version: '18.0.1.1'
Driver info: driver.version: EdgeDriver
remote stacktrace: Backtrace:
Microsoft::Applications::Events::EventProperties::SetProperty [0x00007FF6EA252352+17554]
Microsoft::Applications::Events::EventProperty::EventProperty [0x00007FF6EA1EECA2+1438690]
Ordinal0 [0x00007FF6E9E19345+627525]
Ordinal0 [0x00007FF6E9E473D4+816084]
Ordinal0 [0x00007FF6E9E428B3+796851]
Ordinal0 [0x00007FF6E9E3D9F0+776688]
Ordinal0 [0x00007FF6E9E7969F+1021599]
Ordinal0 [0x00007FF6E9E73A43+997955]
Ordinal0 [0x00007FF6E9E494C0+824512]
Ordinal0 [0x00007FF6E9E4A9F8+829944]
Microsoft::Applications::Events::EventProperty::EventProperty [0x00007FF6EA0B0588+134344]
Microsoft::Applications::Events::EventProperty::EventProperty [0x00007FF6EA099EB5+42485]
Microsoft::Applications::Events::EventProperty::EventProperty [0x00007FF6EA09CF9C+55004]
Ordinal0 [0x00007FF6E9F02E94+1584788]
Microsoft::Applications::Events::EventProperty::EventProperty [0x00007FF6EA1F43EB+1461035]
Microsoft::Applications::Events::EventProperty::EventProperty [0x00007FF6EA1F83B4+1477364]
Microsoft::Applications::Events::EventProperty::EventProperty [0x00007FF6EA1F850D+1477709]
Microsoft::Applications::Events::EventProperty::EventProperty [0x00007FF6EA2004D9+1510425]
BaseThreadInitThunk [0x00007FFD5AFE7034+20]
RtlUserThreadStart [0x00007FFD5BCA26A1+33]

at org.openqa.selenium.remote.W3CHandshakeResponse.lambda$errorHandler$0(W3CHandshakeResponse.java:62)
at org.openqa.selenium.remote.HandshakeResponse.lambda$getResponseFunction$0(HandshakeResponse.java:30)
at org.openqa.selenium.remote.ProtocolHandshake.lambda$createSession$0(ProtocolHandshake.java:126)
at java.base/java.util.stream.ReferencePipeline$3$1.accept(ReferencePipeline.java:197)
at java.base/java.util.Spliterators$ArraySpliterator.tryAdvance(Spliterators.java:1002)
at java.base/java.util.stream.ReferencePipeline.forEachWithCancel(ReferencePipeline.java:129)
at java.base/java.util.stream.AbstractPipeline.copyIntoWithCancel(AbstractPipeline.java:527)
at java.base/java.util.stream.AbstractPipeline.copyInto(AbstractPipeline.java:513)
at java.base/java.util.stream.AbstractPipeline.wrapAndCopyInto(AbstractPipeline.java:499)
at java.base/java.util.stream.FindOps$FindOp.evaluateSequential(FindOps.java:150)
at java.base/java.util.stream.AbstractPipeline.evaluate(AbstractPipeline.java:234)
at java.base/java.util.stream.ReferencePipeline.findFirst(ReferencePipeline.java:647)
at org.openqa.selenium.remote.ProtocolHandshake.createSession(ProtocolHandshake.java:128)
at org.openqa.selenium.remote.ProtocolHandshake.createSession(ProtocolHandshake.java:74)
at org.openqa.selenium.remote.HttpCommandExecutor.execute(HttpCommandExecutor.java:136)
at org.openqa.selenium.remote.service.DriverCommandExecutor.execute(DriverCommandExecutor.java:83)
at org.openqa.selenium.remote.RemoteWebDriver.execute(RemoteWebDriver.java:552)
at org.openqa.selenium.remote.RemoteWebDriver.startSession(RemoteWebDriver.java:213)
at org.openqa.selenium.remote.RemoteWebDriver.<init>(RemoteWebDriver.java:131)
at org.openqa.selenium.edge.EdgeDriver.<init>(EdgeDriver.java:141)
at org.openqa.selenium.edge.EdgeDriver.<init>(EdgeDriver.java:96)
at setup.Base.openMSEdgeBrowser(Base.java:21)
at testclasses.VerifySSC_CGL_TestSeriesFunctionality.browserLaunch(VerifySSC_CGL_TestSeriesFunctionality.java:42)
at java.base/java.util.concurrent.FutureTask.run(FutureTask.java:264)
at java.base/java.util.concurrent.ThreadPoolExecutor.runWorker(ThreadPoolExecutor.java:1136)
at java.base/java.util.concurrent.ThreadPoolExecutor$Worker.run(ThreadPoolExecutor.java:635)
at java.base/java.lang.Thread.run(Thread.java:833)
... Removed 16 stack frames]]>
    </failure>
  </testcase> <!-- @BeforeTest browserLaunch -->
  <testcase classname="testclasses.VerifySubCategoryLinksOnSSC_CGL_CoursePage_testNG" name="@BeforeTest browserLaunch" time="-1.66738379056E9">
    <skipped/>
  </testcase> <!-- @BeforeTest browserLaunch -->
  <testcase classname="testclasses.VerifySubCategoryLinksOnSSC_CGL_CoursePage_testNG" name="@BeforeClass createPOMObjects" time="-1.667383790567E9">
    <skipped/>
  </testcase> <!-- @BeforeClass createPOMObjects -->
  <testcase classname="testclasses.VerifySubCategoryLinksOnSSC_CGL_CoursePage_testNG" name="@BeforeMethod openSSC_CGL_coursePage" time="-1.667383790576E9">
    <skipped/>
  </testcase> <!-- @BeforeMethod openSSC_CGL_coursePage -->
  <testcase classname="testclasses.VerifySubCategoryLinksOnSSC_CGL_CoursePage_testNG" name="@AfterMethod logoutFromApplication" time="-1.6673837906E9">
    <skipped/>
  </testcase> <!-- @AfterMethod logoutFromApplication -->
  <testcase classname="testclasses.VerifySubCategoryLinksOnSSC_CGL_CoursePage_testNG" name="@BeforeMethod openSSC_CGL_coursePage" time="-1.667383790606E9">
    <skipped/>
  </testcase> <!-- @BeforeMethod openSSC_CGL_coursePage -->
  <testcase classname="testclasses.VerifySubCategoryLinksOnSSC_CGL_CoursePage_testNG" name="@AfterMethod logoutFromApplication" time="-1.667383790633E9">
    <skipped/>
  </testcase> <!-- @AfterMethod logoutFromApplication -->
  <testcase classname="testclasses.VerifySSC_CGL_TestSeriesFunctionality" name="@BeforeClass createPOMObjects" time="-1.667383790643E9">
    <skipped/>
  </testcase> <!-- @BeforeClass createPOMObjects -->
  <testcase classname="testclasses.VerifySSC_CGL_TestSeriesFunctionality" name="@BeforeMethod openSSC_CGL_coursePage" time="-1.667383790648E9">
    <skipped/>
  </testcase> <!-- @BeforeMethod openSSC_CGL_coursePage -->
  <testcase classname="testclasses.VerifySSC_CGL_TestSeriesFunctionality" name="@AfterMethod logoutFromApplication" time="-1.667383790683E9">
    <skipped/>
  </testcase> <!-- @AfterMethod logoutFromApplication -->
  <testcase classname="testclasses.VerifySubCategoryLinksOnSSC_CGL_CoursePage_testNG" name="@BeforeMethod openSSC_CGL_coursePage" time="-1.667383790708E9">
    <skipped/>
  </testcase> <!-- @BeforeMethod openSSC_CGL_coursePage -->
  <testcase classname="testclasses.VerifySubCategoryLinksOnSSC_CGL_CoursePage_testNG" name="@AfterMethod logoutFromApplication" time="-1.667383790747E9">
    <skipped/>
  </testcase> <!-- @AfterMethod logoutFromApplication -->
  <testcase classname="testclasses.VerifySSC_CGL_TestSeriesFunctionality" name="@BeforeMethod openSSC_CGL_coursePage" time="-1.667383790756E9">
    <skipped/>
  </testcase> <!-- @BeforeMethod openSSC_CGL_coursePage -->
  <testcase classname="testclasses.VerifySSC_CGL_TestSeriesFunctionality" name="@AfterMethod logoutFromApplication" time="-1.667383790771E9">
    <skipped/>
  </testcase> <!-- @AfterMethod logoutFromApplication -->
  <testcase classname="testclasses.VerifySSC_CGL_TestSeriesFunctionality" name="@AfterClass clearObject" time="-1.667383790804E9">
    <skipped/>
  </testcase> <!-- @AfterClass clearObject -->
  <testcase classname="testclasses.VerifySubCategoryLinksOnSSC_CGL_CoursePage_testNG" name="@BeforeMethod openSSC_CGL_coursePage" time="-1.66738379081E9">
    <skipped/>
  </testcase> <!-- @BeforeMethod openSSC_CGL_coursePage -->
  <testcase classname="testclasses.VerifySubCategoryLinksOnSSC_CGL_CoursePage_testNG" name="@AfterMethod logoutFromApplication" time="-1.667383790821E9">
    <skipped/>
  </testcase> <!-- @AfterMethod logoutFromApplication -->
  <testcase classname="testclasses.VerifySubCategoryLinksOnSSC_CGL_CoursePage_testNG" name="@BeforeMethod openSSC_CGL_coursePage" time="-1.667383790834E9">
    <skipped/>
  </testcase> <!-- @BeforeMethod openSSC_CGL_coursePage -->
  <testcase classname="testclasses.VerifySubCategoryLinksOnSSC_CGL_CoursePage_testNG" name="@AfterMethod logoutFromApplication" time="-1.667383790849E9">
    <skipped/>
  </testcase> <!-- @AfterMethod logoutFromApplication -->
  <testcase classname="testclasses.VerifySubCategoryLinksOnSSC_CGL_CoursePage_testNG" name="@AfterClass clearObject" time="-1.667383790969E9">
    <skipped/>
  </testcase> <!-- @AfterClass clearObject -->
  <testcase classname="testclasses.VerifySSC_CGL_TestSeriesFunctionality" name="@AfterTest CloseBrowser" time="-1.667383790975E9">
    <skipped/>
  </testcase> <!-- @AfterTest CloseBrowser -->
  <testcase classname="testclasses.VerifySubCategoryLinksOnSSC_CGL_CoursePage_testNG" name="@AfterTest CloseBrowser" time="-1.667383790981E9">
    <skipped/>
  </testcase> <!-- @AfterTest CloseBrowser -->
  <testcase classname="testclasses.VerifySubCategoryLinksOnSSC_CGL_CoursePage_testNG" name="@BeforeMethod openSSC_CGL_coursePage" time="38.352">
    <failure type="org.openqa.selenium.json.JsonException" message="java.lang.reflect.InvocationTargetException
Build info: version: &amp;apos;3.141.59&amp;apos;, revision: &amp;apos;e82be7d358&amp;apos;, time: &amp;apos;2018-11-14T08:17:03&amp;apos;
System info: host: &amp;apos;LAPTOP-9FGT47P4&amp;apos;, ip: &amp;apos;192.168.43.209&amp;apos;, os.name: &amp;apos;Windows 10&amp;apos;, os.arch: &amp;apos;amd64&amp;apos;, os.version: &amp;apos;10.0&amp;apos;, java.version: &amp;apos;18.0.1.1&amp;apos;
Driver info: driver.version: RemoteWebDriver">
      <![CDATA[org.openqa.selenium.json.JsonException: java.lang.reflect.InvocationTargetException
Build info: version: '3.141.59', revision: 'e82be7d358', time: '2018-11-14T08:17:03'
System info: host: 'LAPTOP-9FGT47P4', ip: '192.168.43.209', os.name: 'Windows 10', os.arch: 'amd64', os.version: '10.0', java.version: '18.0.1.1'
Driver info: driver.version: RemoteWebDriver
at org.openqa.selenium.json.JsonOutput.convertUsingMethod(JsonOutput.java:332)
at org.openqa.selenium.json.JsonOutput.lambda$new$16(JsonOutput.java:155)
at org.openqa.selenium.json.JsonOutput.write(JsonOutput.java:264)
at org.openqa.selenium.json.JsonOutput.lambda$null$21(JsonOutput.java:168)
at java.base/java.util.LinkedHashMap$LinkedValues.forEach(LinkedHashMap.java:647)
at org.openqa.selenium.json.JsonOutput.lambda$new$22(JsonOutput.java:168)
at org.openqa.selenium.json.JsonOutput.write(JsonOutput.java:264)
at org.openqa.selenium.json.JsonOutput.lambda$null$23(JsonOutput.java:177)
at com.google.common.collect.SingletonImmutableBiMap.forEach(SingletonImmutableBiMap.java:65)
at org.openqa.selenium.json.JsonOutput.lambda$new$24(JsonOutput.java:176)
at org.openqa.selenium.json.JsonOutput.write(JsonOutput.java:264)
at org.openqa.selenium.json.JsonOutput.write(JsonOutput.java:255)
at org.openqa.selenium.json.Json.toJson(Json.java:42)
at org.openqa.selenium.remote.http.AbstractHttpCommandCodec.encode(AbstractHttpCommandCodec.java:227)
at org.openqa.selenium.remote.http.AbstractHttpCommandCodec.encode(AbstractHttpCommandCodec.java:117)
at org.openqa.selenium.remote.HttpCommandExecutor.execute(HttpCommandExecutor.java:152)
at org.openqa.selenium.remote.service.DriverCommandExecutor.execute(DriverCommandExecutor.java:83)
at org.openqa.selenium.remote.RemoteWebDriver.execute(RemoteWebDriver.java:552)
at org.openqa.selenium.remote.RemoteWebDriver.perform(RemoteWebDriver.java:618)
at org.openqa.selenium.interactions.Actions$BuiltAction.perform(Actions.java:639)
at pages.HomePage.clickONsscCGL(HomePage.java:70)
at testclasses.VerifySubCategoryLinksOnSSC_CGL_CoursePage_testNG.openSSC_CGL_coursePage(VerifySubCategoryLinksOnSSC_CGL_CoursePage_testNG.java:73)
at java.base/java.util.ArrayList.forEach(ArrayList.java:1511)
at java.base/java.util.concurrent.FutureTask.run(FutureTask.java:264)
at java.base/java.util.concurrent.ThreadPoolExecutor.runWorker(ThreadPoolExecutor.java:1136)
at java.base/java.util.concurrent.ThreadPoolExecutor$Worker.run(ThreadPoolExecutor.java:635)
at java.base/java.lang.Thread.run(Thread.java:833)
Suppressed: org.openqa.selenium.json.JsonException: Attempting to close incomplete json stream
Build info: version: '3.141.59', revision: 'e82be7d358', time: '2018-11-14T08:17:03'
System info: host: 'LAPTOP-9FGT47P4', ip: '192.168.43.209', os.name: 'Windows 10', os.arch: 'amd64', os.version: '10.0', java.version: '18.0.1.1'
Driver info: driver.version: RemoteWebDriver
at org.openqa.selenium.json.JsonOutput.close(JsonOutput.java:279)
at org.openqa.selenium.json.Json.toJson(Json.java:44)
... 34 more
at org.openqa.selenium.json.JsonOutput.convertUsingMethod(JsonOutput.java:328)
... 46 more
Caused by: org.openqa.selenium.WebDriverException: unknown error: cannot determine loading status
from disconnected: received Inspector.detached event
  (Session info: chrome=106.0.5249.121)
Build info: version: '3.141.59', revision: 'e82be7d358', time: '2018-11-14T08:17:03'
System info: host: 'LAPTOP-9FGT47P4', ip: '192.168.43.209', os.name: 'Windows 10', os.arch: 'amd64', os.version: '10.0', java.version: '18.0.1.1'
Driver info: org.openqa.selenium.chrome.ChromeDriver
Capabilities {acceptInsecureCerts: false, browserName: chrome, browserVersion: 106.0.5249.121, chrome: {chromedriverVersion: 105.0.5195.52 (412c95e51883..., userDataDir: C:\Users\HP\AppData\Local\T...}, goog:chromeOptions: {debuggerAddress: localhost:50957}, javascriptEnabled: true, networkConnectionEnabled: false, pageLoadStrategy: normal, platform: WINDOWS, platformName: WINDOWS, proxy: Proxy(), setWindowRect: true, strictFileInteractability: false, timeouts: {implicit: 0, pageLoad: 300000, script: 30000}, unhandledPromptBehavior: dismiss and notify, webauthn:extension:credBlob: true, webauthn:extension:largeBlob: true, webauthn:virtualAuthenticators: true}
Session ID: 7d602225d9407d47605e7841a83f7697
*** Element info: {Using=xpath, value=//div[text()='All Courses ']}
at org.openqa.selenium.remote.http.W3CHttpResponseCodec.createException(W3CHttpResponseCodec.java:187)
at org.openqa.selenium.remote.http.W3CHttpResponseCodec.decode(W3CHttpResponseCodec.java:122)
at org.openqa.selenium.remote.http.W3CHttpResponseCodec.decode(W3CHttpResponseCodec.java:49)
at org.openqa.selenium.remote.HttpCommandExecutor.execute(HttpCommandExecutor.java:158)
at org.openqa.selenium.remote.service.DriverCommandExecutor.execute(DriverCommandExecutor.java:83)
at org.openqa.selenium.remote.RemoteWebDriver.execute(RemoteWebDriver.java:552)
at org.openqa.selenium.remote.RemoteWebDriver.findElement(RemoteWebDriver.java:323)
at org.openqa.selenium.remote.RemoteWebDriver.findElementByXPath(RemoteWebDriver.java:428)
at org.openqa.selenium.By$ByXPath.findElement(By.java:353)
at org.openqa.selenium.remote.RemoteWebDriver.findElement(RemoteWebDriver.java:315)
at org.openqa.selenium.support.pagefactory.DefaultElementLocator.findElement(DefaultElementLocator.java:69)
at org.openqa.selenium.support.pagefactory.internal.LocatingElementHandler.invoke(LocatingElementHandler.java:38)
at jdk.proxy2/jdk.proxy2.$Proxy17.getWrappedElement(Unknown Source)
at org.openqa.selenium.interactions.PointerInput$Origin.asArg(PointerInput.java:204)
at org.openqa.selenium.interactions.PointerInput$Move.encode(PointerInput.java:155)
at org.openqa.selenium.interactions.Sequence.encode(Sequence.java:75)
at org.openqa.selenium.interactions.Sequence.toJson(Sequence.java:84)
... 48 more
... Removed 27 stack frames]]>
    </failure>
  </testcase> <!-- @BeforeMethod openSSC_CGL_coursePage -->
  <testcase classname="testclasses.VerifySubCategoryLinksOnSSC_CGL_CoursePage_testNG" name="@AfterMethod logoutFromApplication" time="-1.667383812916E9">
    <skipped/>
  </testcase> <!-- @AfterMethod logoutFromApplication -->
  <testcase classname="testclasses.VerifySubCategoryLinksOnSSC_CGL_CoursePage_testNG" name="@BeforeMethod openSSC_CGL_coursePage" time="-1.667383813002E9">
    <skipped/>
  </testcase> <!-- @BeforeMethod openSSC_CGL_coursePage -->
  <testcase classname="testclasses.VerifySubCategoryLinksOnSSC_CGL_CoursePage_testNG" name="@AfterMethod logoutFromApplication" time="-1.667383813057E9">
    <skipped/>
  </testcase> <!-- @AfterMethod logoutFromApplication -->
  <testcase classname="testclasses.VerifySSC_CGL_TestSeriesFunctionality" name="@BeforeMethod openSSC_CGL_coursePage" time="10.534">
    <failure type="org.openqa.selenium.WebDriverException" message="chrome not reachable
  (Session info: chrome=106.0.5249.121)
Build info: version: &amp;apos;3.141.59&amp;apos;, revision: &amp;apos;e82be7d358&amp;apos;, time: &amp;apos;2018-11-14T08:17:03&amp;apos;
System info: host: &amp;apos;LAPTOP-9FGT47P4&amp;apos;, ip: &amp;apos;192.168.43.209&amp;apos;, os.name: &amp;apos;Windows 10&amp;apos;, os.arch: &amp;apos;amd64&amp;apos;, os.version: &amp;apos;10.0&amp;apos;, java.version: &amp;apos;18.0.1.1&amp;apos;
Driver info: org.openqa.selenium.chrome.ChromeDriver
Capabilities {acceptInsecureCerts: false, browserName: chrome, browserVersion: 106.0.5249.121, chrome: {chromedriverVersion: 105.0.5195.52 (412c95e51883..., userDataDir: C:\Users\HP\AppData\Local\T...}, goog:chromeOptions: {debuggerAddress: localhost:50938}, javascriptEnabled: true, networkConnectionEnabled: false, pageLoadStrategy: normal, platform: WINDOWS, platformName: WINDOWS, proxy: Proxy(), setWindowRect: true, strictFileInteractability: false, timeouts: {implicit: 0, pageLoad: 300000, script: 30000}, unhandledPromptBehavior: dismiss and notify, webauthn:extension:credBlob: true, webauthn:extension:largeBlob: true, webauthn:virtualAuthenticators: true}
Session ID: beecdfa9169c7bffdbdafa64990a07d3">
      <![CDATA[org.openqa.selenium.WebDriverException: chrome not reachable
  (Session info: chrome=106.0.5249.121)
Build info: version: '3.141.59', revision: 'e82be7d358', time: '2018-11-14T08:17:03'
System info: host: 'LAPTOP-9FGT47P4', ip: '192.168.43.209', os.name: 'Windows 10', os.arch: 'amd64', os.version: '10.0', java.version: '18.0.1.1'
Driver info: org.openqa.selenium.chrome.ChromeDriver
Capabilities {acceptInsecureCerts: false, browserName: chrome, browserVersion: 106.0.5249.121, chrome: {chromedriverVersion: 105.0.5195.52 (412c95e51883..., userDataDir: C:\Users\HP\AppData\Local\T...}, goog:chromeOptions: {debuggerAddress: localhost:50938}, javascriptEnabled: true, networkConnectionEnabled: false, pageLoadStrategy: normal, platform: WINDOWS, platformName: WINDOWS, proxy: Proxy(), setWindowRect: true, strictFileInteractability: false, timeouts: {implicit: 0, pageLoad: 300000, script: 30000}, unhandledPromptBehavior: dismiss and notify, webauthn:extension:credBlob: true, webauthn:extension:largeBlob: true, webauthn:virtualAuthenticators: true}
Session ID: beecdfa9169c7bffdbdafa64990a07d3
at org.openqa.selenium.remote.http.W3CHttpResponseCodec.createException(W3CHttpResponseCodec.java:187)
at org.openqa.selenium.remote.http.W3CHttpResponseCodec.decode(W3CHttpResponseCodec.java:122)
at org.openqa.selenium.remote.http.W3CHttpResponseCodec.decode(W3CHttpResponseCodec.java:49)
at org.openqa.selenium.remote.HttpCommandExecutor.execute(HttpCommandExecutor.java:158)
at org.openqa.selenium.remote.service.DriverCommandExecutor.execute(DriverCommandExecutor.java:83)
at org.openqa.selenium.remote.RemoteWebDriver.execute(RemoteWebDriver.java:552)
at org.openqa.selenium.remote.RemoteWebDriver.get(RemoteWebDriver.java:277)
at testclasses.VerifySSC_CGL_TestSeriesFunctionality.openSSC_CGL_coursePage(VerifySSC_CGL_TestSeriesFunctionality.java:63)
at java.base/java.util.ArrayList.forEach(ArrayList.java:1511)
at java.base/java.util.concurrent.FutureTask.run(FutureTask.java:264)
at java.base/java.util.concurrent.ThreadPoolExecutor.runWorker(ThreadPoolExecutor.java:1136)
at java.base/java.util.concurrent.ThreadPoolExecutor$Worker.run(ThreadPoolExecutor.java:635)
at java.base/java.lang.Thread.run(Thread.java:833)
... Removed 23 stack frames]]>
    </failure>
  </testcase> <!-- @BeforeMethod openSSC_CGL_coursePage -->
  <testcase classname="testclasses.VerifySSC_CGL_TestSeriesFunctionality" name="@AfterMethod logoutFromApplication" time="-1.667383823714E9">
    <skipped/>
  </testcase> <!-- @AfterMethod logoutFromApplication -->
  <testcase classname="testclasses.VerifySubCategoryLinksOnSSC_CGL_CoursePage_testNG" name="@BeforeMethod openSSC_CGL_coursePage" time="-1.667383823718E9">
    <skipped/>
  </testcase> <!-- @BeforeMethod openSSC_CGL_coursePage -->
  <testcase classname="testclasses.VerifySubCategoryLinksOnSSC_CGL_CoursePage_testNG" name="@AfterMethod logoutFromApplication" time="-1.667383823731E9">
    <skipped/>
  </testcase> <!-- @AfterMethod logoutFromApplication -->
  <testcase classname="testclasses.VerifySSC_CGL_TestSeriesFunctionality" name="@BeforeMethod openSSC_CGL_coursePage" time="-1.667383823738E9">
    <skipped/>
  </testcase> <!-- @BeforeMethod openSSC_CGL_coursePage -->
  <testcase classname="testclasses.VerifySSC_CGL_TestSeriesFunctionality" name="@AfterMethod logoutFromApplication" time="-1.667383823748E9">
    <skipped/>
  </testcase> <!-- @AfterMethod logoutFromApplication -->
  <testcase classname="testclasses.VerifySSC_CGL_TestSeriesFunctionality" name="@AfterClass clearObject" time="-1.667383823751E9">
    <skipped/>
  </testcase> <!-- @AfterClass clearObject -->
  <testcase classname="testclasses.VerifySubCategoryLinksOnSSC_CGL_CoursePage_testNG" name="@BeforeMethod openSSC_CGL_coursePage" time="-1.667383823756E9">
    <skipped/>
  </testcase> <!-- @BeforeMethod openSSC_CGL_coursePage -->
  <testcase classname="testclasses.VerifySubCategoryLinksOnSSC_CGL_CoursePage_testNG" name="@AfterMethod logoutFromApplication" time="-1.667383823811E9">
    <skipped/>
  </testcase> <!-- @AfterMethod logoutFromApplication -->
  <testcase classname="testclasses.VerifySubCategoryLinksOnSSC_CGL_CoursePage_testNG" name="@BeforeMethod openSSC_CGL_coursePage" time="-1.667383823826E9">
    <skipped/>
  </testcase> <!-- @BeforeMethod openSSC_CGL_coursePage -->
  <testcase classname="testclasses.VerifySubCategoryLinksOnSSC_CGL_CoursePage_testNG" name="@AfterMethod logoutFromApplication" time="-1.667383823856E9">
    <skipped/>
  </testcase> <!-- @AfterMethod logoutFromApplication -->
  <testcase classname="testclasses.VerifySubCategoryLinksOnSSC_CGL_CoursePage_testNG" name="@AfterClass clearObject" time="-1.667383823858E9">
    <skipped/>
  </testcase> <!-- @AfterClass clearObject -->
  <testcase classname="testclasses.VerifySSC_CGL_TestSeriesFunctionality" name="@AfterTest CloseBrowser" time="-1.667383823871E9">
    <skipped/>
  </testcase> <!-- @AfterTest CloseBrowser -->
  <testcase classname="testclasses.VerifySubCategoryLinksOnSSC_CGL_CoursePage_testNG" name="@AfterTest CloseBrowser" time="-1.667383823885E9">
    <skipped/>
  </testcase> <!-- @AfterTest CloseBrowser -->
  <testcase classname="testclasses.VerifySubCategoryLinksOnSSC_CGL_CoursePage_testNG" name="Verify_SSC_CGL_TestSeriesButton" time="0.0">
    <skipped/>
  </testcase> <!-- Verify_SSC_CGL_TestSeriesButton -->
  <testcase classname="testclasses.VerifySubCategoryLinksOnSSC_CGL_CoursePage_testNG" name="Verify_SSC_CGL_TestSeriesButton" time="0.0">
    <skipped/>
  </testcase> <!-- Verify_SSC_CGL_TestSeriesButton -->
  <testcase classname="testclasses.VerifySSC_CGL_TestSeriesFunctionality" name="Verify_SSC_CGL_TestSeriesButton" time="0.0">
    <skipped/>
  </testcase> <!-- Verify_SSC_CGL_TestSeriesButton -->
  <testcase classname="testclasses.VerifySubCategoryLinksOnSSC_CGL_CoursePage_testNG" name="Verify_SSC_CGL_VideoCoursesButton" time="0.0">
    <skipped/>
  </testcase> <!-- Verify_SSC_CGL_VideoCoursesButton -->
  <testcase classname="testclasses.VerifySSC_CGL_TestSeriesFunctionality" name="VerifyUserAbleToBuySSC_CGL_MockTestSeriesPack" time="0.001">
    <skipped/>
  </testcase> <!-- VerifyUserAbleToBuySSC_CGL_MockTestSeriesPack -->
  <testcase classname="testclasses.VerifySubCategoryLinksOnSSC_CGL_CoursePage_testNG" name="Verify_SSC_CGL_OnlineLiveClassesButton" time="0.0">
    <skipped/>
  </testcase> <!-- Verify_SSC_CGL_OnlineLiveClassesButton -->
  <testcase classname="testclasses.VerifySubCategoryLinksOnSSC_CGL_CoursePage_testNG" name="Verify_SSC_CGL_ebooksButton" time="0.0">
    <skipped/>
  </testcase> <!-- Verify_SSC_CGL_ebooksButton -->
  <testcase classname="testclasses.VerifySubCategoryLinksOnSSC_CGL_CoursePage_testNG" name="Verify_SSC_CGL_BooksButton" time="0.0">
    <skipped/>
  </testcase> <!-- Verify_SSC_CGL_BooksButton -->
</testsuite> <!-- ChromeTest -->
