<html>
<head>
<title>TestNG:  EdgeTest</title>
<link href="../testng.css" rel="stylesheet" type="text/css" />
<link href="../my-testng.css" rel="stylesheet" type="text/css" />

<style type="text/css">
.log { display: none;} 
.stack-trace { display: none;} 
</style>
<script type="text/javascript">
<!--
function flip(e) {
  current = e.style.display;
  if (current == 'block') {
    e.style.display = 'none';
    return 0;
  }
  else {
    e.style.display = 'block';
    return 1;
  }
}

function toggleBox(szDivId, elem, msg1, msg2)
{
  var res = -1;  if (document.getElementById) {
    res = flip(document.getElementById(szDivId));
  }
  else if (document.all) {
    // this is the way old msie versions work
    res = flip(document.all[szDivId]);
  }
  if(elem) {
    if(res == 0) elem.innerHTML = msg1; else elem.innerHTML = msg2;
  }

}

function toggleAllBoxes() {
  if (document.getElementsByTagName) {
    d = document.getElementsByTagName('div');
    for (i = 0; i < d.length; i++) {
      if (d[i].className == 'log') {
        flip(d[i]);
      }
    }
  }
}

// -->
</script>

</head>
<body>
<h2 align='center'>EdgeTest</h2><table border='1' align="center">
<tr>
<td>Tests passed/Failed/Skipped:</td><td>0/0/8</td>
</tr><tr>
<td>Started on:</td><td>Wed Nov 02 15:39:34 IST 2022</td>
</tr>
<tr><td>Total time:</td><td>17 seconds (17641 ms)</td>
</tr><tr>
<td>Included groups:</td><td></td>
</tr><tr>
<td>Excluded groups:</td><td></td>
</tr>
</table><p/>
<small><i>(Hover the method name to see the test class name)</i></small><p/>
<table width='100%' border='1' class='invocation-failed'>
<tr><td colspan='4' align='center'><b>FAILED CONFIGURATIONS</b></td></tr>
<tr><td><b>Test method</b></td>
<td width="30%"><b>Exception</b></td>
<td width="10%"><b>Time (seconds)</b></td>
<td><b>Instance</b></td>
</tr>
<tr>
<td title='testclasses.VerifySSC_CGL_TestSeriesFunctionality.browserLaunch()'><b>browserLaunch</b><br>Test class: testclasses.VerifySSC_CGL_TestSeriesFunctionality<br>Parameters: Edge</td>
<td><div><pre>org.openqa.selenium.SessionNotCreatedException: session not created: This version of Microsoft Edge WebDriver only supports Microsoft Edge version 105
Current browser version is 107.0.1418.26 with binary path C:\Program Files (x86)\Microsoft\Edge\Application\msedge.exe
Build info: version: &apos;3.141.59&apos;, revision: &apos;e82be7d358&apos;, time: &apos;2018-11-14T08:17:03&apos;
System info: host: &apos;LAPTOP-9FGT47P4&apos;, ip: &apos;192.168.43.209&apos;, os.name: &apos;Windows 10&apos;, os.arch: &apos;amd64&apos;, os.version: &apos;10.0&apos;, java.version: &apos;18.0.1.1&apos;
Driver info: driver.version: EdgeDriver
remote stacktrace: Backtrace:
	Microsoft::Applications::Events::EventProperties::SetProperty [0x00007FF6EA252352+17554]
	Microsoft::Applications::Events::EventProperty::EventProperty [0x00007FF6EA1EECA2+1438690]
	Ordinal0 [0x00007FF6E9E19345+627525]
	Ordinal0 [0x00007FF6E9E473D4+816084]
	Ordinal0 [0x00007FF6E9E428B3+796851]
	Ordinal0 [0x00007FF6E9E3D9F0+776688]
	Ordinal0 [0x00007FF6E9E7969F+1021599]
	Ordinal0 [0x00007FF6E9E73A43+997955]
	Ordinal0 [0x00007FF6E9E494C0+824512]
	Ordinal0 [0x00007FF6E9E4A9F8+829944]
	Microsoft::Applications::Events::EventProperty::EventProperty [0x00007FF6EA0B0588+134344]
	Microsoft::Applications::Events::EventProperty::EventProperty [0x00007FF6EA099EB5+42485]
	Microsoft::Applications::Events::EventProperty::EventProperty [0x00007FF6EA09CF9C+55004]
	Ordinal0 [0x00007FF6E9F02E94+1584788]
	Microsoft::Applications::Events::EventProperty::EventProperty [0x00007FF6EA1F43EB+1461035]
	Microsoft::Applications::Events::EventProperty::EventProperty [0x00007FF6EA1F83B4+1477364]
	Microsoft::Applications::Events::EventProperty::EventProperty [0x00007FF6EA1F850D+1477709]
	Microsoft::Applications::Events::EventProperty::EventProperty [0x00007FF6EA2004D9+1510425]
	BaseThreadInitThunk [0x00007FFD5AFE7034+20]
	RtlUserThreadStart [0x00007FFD5BCA26A1+33]

	at org.openqa.selenium.remote.W3CHandshakeResponse.lambda$errorHandler$0(W3CHandshakeResponse.java:62)
	at org.openqa.selenium.remote.HandshakeResponse.lambda$getResponseFunction$0(HandshakeResponse.java:30)
	at org.openqa.selenium.remote.ProtocolHandshake.lambda$createSession$0(ProtocolHandshake.java:126)
	at java.base/java.util.stream.ReferencePipeline$3$1.accept(ReferencePipeline.java:197)
	at java.base/java.util.Spliterators$ArraySpliterator.tryAdvance(Spliterators.java:1002)
	at java.base/java.util.stream.ReferencePipeline.forEachWithCancel(ReferencePipeline.java:129)
	at java.base/java.util.stream.AbstractPipeline.copyIntoWithCancel(AbstractPipeline.java:527)
	at java.base/java.util.stream.AbstractPipeline.copyInto(AbstractPipeline.java:513)
	at java.base/java.util.stream.AbstractPipeline.wrapAndCopyInto(AbstractPipeline.java:499)
	at java.base/java.util.stream.FindOps$FindOp.evaluateSequential(FindOps.java:150)
	at java.base/java.util.stream.AbstractPipeline.evaluate(AbstractPipeline.java:234)
	at java.base/java.util.stream.ReferencePipeline.findFirst(ReferencePipeline.java:647)
	at org.openqa.selenium.remote.ProtocolHandshake.createSession(ProtocolHandshake.java:128)
	at org.openqa.selenium.remote.ProtocolHandshake.createSession(ProtocolHandshake.java:74)
	at org.openqa.selenium.remote.HttpCommandExecutor.execute(HttpCommandExecutor.java:136)
	at org.openqa.selenium.remote.service.DriverCommandExecutor.execute(DriverCommandExecutor.java:83)
	at org.openqa.selenium.remote.RemoteWebDriver.execute(RemoteWebDriver.java:552)
	at org.openqa.selenium.remote.RemoteWebDriver.startSession(RemoteWebDriver.java:213)
	at org.openqa.selenium.remote.RemoteWebDriver.&lt;init&gt;(RemoteWebDriver.java:131)
	at org.openqa.selenium.edge.EdgeDriver.&lt;init&gt;(EdgeDriver.java:141)
	at org.openqa.selenium.edge.EdgeDriver.&lt;init&gt;(EdgeDriver.java:96)
	at setup.Base.openMSEdgeBrowser(Base.java:21)
	at testclasses.VerifySSC_CGL_TestSeriesFunctionality.browserLaunch(VerifySSC_CGL_TestSeriesFunctionality.java:42)
... Removed 25 stack frames</pre></div><a href='#' onClick='toggleBox("stack-trace1496220730", this, "Click to show all stack frames", "Click to hide stack frames")'>Click to show all stack frames</a>
<div class='stack-trace' id='stack-trace1496220730'><pre>org.openqa.selenium.SessionNotCreatedException: session not created: This version of Microsoft Edge WebDriver only supports Microsoft Edge version 105
Current browser version is 107.0.1418.26 with binary path C:\Program Files (x86)\Microsoft\Edge\Application\msedge.exe
Build info: version: &apos;3.141.59&apos;, revision: &apos;e82be7d358&apos;, time: &apos;2018-11-14T08:17:03&apos;
System info: host: &apos;LAPTOP-9FGT47P4&apos;, ip: &apos;192.168.43.209&apos;, os.name: &apos;Windows 10&apos;, os.arch: &apos;amd64&apos;, os.version: &apos;10.0&apos;, java.version: &apos;18.0.1.1&apos;
Driver info: driver.version: EdgeDriver
remote stacktrace: Backtrace:
	Microsoft::Applications::Events::EventProperties::SetProperty [0x00007FF6EA252352+17554]
	Microsoft::Applications::Events::EventProperty::EventProperty [0x00007FF6EA1EECA2+1438690]
	Ordinal0 [0x00007FF6E9E19345+627525]
	Ordinal0 [0x00007FF6E9E473D4+816084]
	Ordinal0 [0x00007FF6E9E428B3+796851]
	Ordinal0 [0x00007FF6E9E3D9F0+776688]
	Ordinal0 [0x00007FF6E9E7969F+1021599]
	Ordinal0 [0x00007FF6E9E73A43+997955]
	Ordinal0 [0x00007FF6E9E494C0+824512]
	Ordinal0 [0x00007FF6E9E4A9F8+829944]
	Microsoft::Applications::Events::EventProperty::EventProperty [0x00007FF6EA0B0588+134344]
	Microsoft::Applications::Events::EventProperty::EventProperty [0x00007FF6EA099EB5+42485]
	Microsoft::Applications::Events::EventProperty::EventProperty [0x00007FF6EA09CF9C+55004]
	Ordinal0 [0x00007FF6E9F02E94+1584788]
	Microsoft::Applications::Events::EventProperty::EventProperty [0x00007FF6EA1F43EB+1461035]
	Microsoft::Applications::Events::EventProperty::EventProperty [0x00007FF6EA1F83B4+1477364]
	Microsoft::Applications::Events::EventProperty::EventProperty [0x00007FF6EA1F850D+1477709]
	Microsoft::Applications::Events::EventProperty::EventProperty [0x00007FF6EA2004D9+1510425]
	BaseThreadInitThunk [0x00007FFD5AFE7034+20]
	RtlUserThreadStart [0x00007FFD5BCA26A1+33]

	at java.base/jdk.internal.reflect.DirectConstructorHandleAccessor.newInstance(DirectConstructorHandleAccessor.java:67)
	at java.base/java.lang.reflect.Constructor.newInstanceWithCaller(Constructor.java:499)
	at java.base/java.lang.reflect.Constructor.newInstance(Constructor.java:483)
	at org.openqa.selenium.remote.W3CHandshakeResponse.lambda$errorHandler$0(W3CHandshakeResponse.java:62)
	at org.openqa.selenium.remote.HandshakeResponse.lambda$getResponseFunction$0(HandshakeResponse.java:30)
	at org.openqa.selenium.remote.ProtocolHandshake.lambda$createSession$0(ProtocolHandshake.java:126)
	at java.base/java.util.stream.ReferencePipeline$3$1.accept(ReferencePipeline.java:197)
	at java.base/java.util.Spliterators$ArraySpliterator.tryAdvance(Spliterators.java:1002)
	at java.base/java.util.stream.ReferencePipeline.forEachWithCancel(ReferencePipeline.java:129)
	at java.base/java.util.stream.AbstractPipeline.copyIntoWithCancel(AbstractPipeline.java:527)
	at java.base/java.util.stream.AbstractPipeline.copyInto(AbstractPipeline.java:513)
	at java.base/java.util.stream.AbstractPipeline.wrapAndCopyInto(AbstractPipeline.java:499)
	at java.base/java.util.stream.FindOps$FindOp.evaluateSequential(FindOps.java:150)
	at java.base/java.util.stream.AbstractPipeline.evaluate(AbstractPipeline.java:234)
	at java.base/java.util.stream.ReferencePipeline.findFirst(ReferencePipeline.java:647)
	at org.openqa.selenium.remote.ProtocolHandshake.createSession(ProtocolHandshake.java:128)
	at org.openqa.selenium.remote.ProtocolHandshake.createSession(ProtocolHandshake.java:74)
	at org.openqa.selenium.remote.HttpCommandExecutor.execute(HttpCommandExecutor.java:136)
	at org.openqa.selenium.remote.service.DriverCommandExecutor.execute(DriverCommandExecutor.java:83)
	at org.openqa.selenium.remote.RemoteWebDriver.execute(RemoteWebDriver.java:552)
	at org.openqa.selenium.remote.RemoteWebDriver.startSession(RemoteWebDriver.java:213)
	at org.openqa.selenium.remote.RemoteWebDriver.&lt;init&gt;(RemoteWebDriver.java:131)
	at org.openqa.selenium.edge.EdgeDriver.&lt;init&gt;(EdgeDriver.java:141)
	at org.openqa.selenium.edge.EdgeDriver.&lt;init&gt;(EdgeDriver.java:96)
	at setup.Base.openMSEdgeBrowser(Base.java:21)
	at testclasses.VerifySSC_CGL_TestSeriesFunctionality.browserLaunch(VerifySSC_CGL_TestSeriesFunctionality.java:42)
	at java.base/jdk.internal.reflect.DirectMethodHandleAccessor.invoke(DirectMethodHandleAccessor.java:104)
	at java.base/java.lang.reflect.Method.invoke(Method.java:577)
	at org.testng.internal.MethodInvocationHelper.invokeMethod(MethodInvocationHelper.java:133)
	at org.testng.internal.MethodInvocationHelper.invokeMethodConsideringTimeout(MethodInvocationHelper.java:62)
	at org.testng.internal.ConfigInvoker.invokeConfigurationMethod(ConfigInvoker.java:385)
	at org.testng.internal.ConfigInvoker.invokeConfigurations(ConfigInvoker.java:321)
	at org.testng.TestRunner.invokeTestConfigurations(TestRunner.java:637)
	at org.testng.TestRunner.beforeRun(TestRunner.java:627)
	at org.testng.TestRunner.run(TestRunner.java:589)
	at org.testng.SuiteRunner.runTest(SuiteRunner.java:377)
	at org.testng.SuiteRunner.runSequentially(SuiteRunner.java:371)
	at org.testng.SuiteRunner.privateRun(SuiteRunner.java:332)
	at org.testng.SuiteRunner.run(SuiteRunner.java:276)
	at org.testng.SuiteRunnerWorker.runSuite(SuiteRunnerWorker.java:53)
	at org.testng.SuiteRunnerWorker.run(SuiteRunnerWorker.java:96)
	at org.testng.TestNG.runSuitesSequentially(TestNG.java:1212)
	at org.testng.TestNG.runSuitesLocally(TestNG.java:1134)
	at org.testng.TestNG.runSuites(TestNG.java:1063)
	at org.testng.TestNG.run(TestNG.java:1031)
	at org.testng.remote.AbstractRemoteTestNG.run(AbstractRemoteTestNG.java:115)
	at org.testng.remote.RemoteTestNG.initAndRun(RemoteTestNG.java:251)
	at org.testng.remote.RemoteTestNG.main(RemoteTestNG.java:77)
</pre></div></td>
<td>17</td>
<td>testclasses.VerifySSC_CGL_TestSeriesFunctionality@6aeb35e6</td></tr>
</table><p>
<table width='100%' border='1' class='invocation-skipped'>
<tr><td colspan='4' align='center'><b>SKIPPED CONFIGURATIONS</b></td></tr>
<tr><td><b>Test method</b></td>
<td width="30%"><b>Exception</b></td>
<td width="10%"><b>Time (seconds)</b></td>
<td><b>Instance</b></td>
</tr>
<tr>
<td title='testclasses.VerifySubCategoryLinksOnSSC_CGL_CoursePage_testNG.openSSC_CGL_coursePage()'><b>openSSC_CGL_coursePage</b><br>Test class: testclasses.VerifySubCategoryLinksOnSSC_CGL_CoursePage_testNG</td>
<td></td>
<td>-1667383792</td>
<td>testclasses.VerifySubCategoryLinksOnSSC_CGL_CoursePage_testNG@1283bb96</td></tr>
<tr>
<td title='testclasses.VerifySubCategoryLinksOnSSC_CGL_CoursePage_testNG.openSSC_CGL_coursePage()'><b>openSSC_CGL_coursePage</b><br>Test class: testclasses.VerifySubCategoryLinksOnSSC_CGL_CoursePage_testNG</td>
<td></td>
<td>-1667383792</td>
<td>testclasses.VerifySubCategoryLinksOnSSC_CGL_CoursePage_testNG@1283bb96</td></tr>
<tr>
<td title='testclasses.VerifySubCategoryLinksOnSSC_CGL_CoursePage_testNG.openSSC_CGL_coursePage()'><b>openSSC_CGL_coursePage</b><br>Test class: testclasses.VerifySubCategoryLinksOnSSC_CGL_CoursePage_testNG</td>
<td></td>
<td>-1667383792</td>
<td>testclasses.VerifySubCategoryLinksOnSSC_CGL_CoursePage_testNG@1283bb96</td></tr>
<tr>
<td title='testclasses.VerifySubCategoryLinksOnSSC_CGL_CoursePage_testNG.clearObject()'><b>clearObject</b><br>Test class: testclasses.VerifySubCategoryLinksOnSSC_CGL_CoursePage_testNG</td>
<td></td>
<td>-1667383792</td>
<td>testclasses.VerifySubCategoryLinksOnSSC_CGL_CoursePage_testNG@1283bb96</td></tr>
<tr>
<td title='testclasses.VerifySubCategoryLinksOnSSC_CGL_CoursePage_testNG.openSSC_CGL_coursePage()'><b>openSSC_CGL_coursePage</b><br>Test class: testclasses.VerifySubCategoryLinksOnSSC_CGL_CoursePage_testNG</td>
<td></td>
<td>-1667383792</td>
<td>testclasses.VerifySubCategoryLinksOnSSC_CGL_CoursePage_testNG@1283bb96</td></tr>
<tr>
<td title='testclasses.VerifySubCategoryLinksOnSSC_CGL_CoursePage_testNG.logoutFromApplication()'><b>logoutFromApplication</b><br>Test class: testclasses.VerifySubCategoryLinksOnSSC_CGL_CoursePage_testNG</td>
<td></td>
<td>-1667383792</td>
<td>testclasses.VerifySubCategoryLinksOnSSC_CGL_CoursePage_testNG@1283bb96</td></tr>
<tr>
<td title='testclasses.VerifySubCategoryLinksOnSSC_CGL_CoursePage_testNG.openSSC_CGL_coursePage()'><b>openSSC_CGL_coursePage</b><br>Test class: testclasses.VerifySubCategoryLinksOnSSC_CGL_CoursePage_testNG</td>
<td></td>
<td>-1667383792</td>
<td>testclasses.VerifySubCategoryLinksOnSSC_CGL_CoursePage_testNG@1283bb96</td></tr>
<tr>
<td title='testclasses.VerifySubCategoryLinksOnSSC_CGL_CoursePage_testNG.logoutFromApplication()'><b>logoutFromApplication</b><br>Test class: testclasses.VerifySubCategoryLinksOnSSC_CGL_CoursePage_testNG</td>
<td></td>
<td>-1667383792</td>
<td>testclasses.VerifySubCategoryLinksOnSSC_CGL_CoursePage_testNG@1283bb96</td></tr>
<tr>
<td title='testclasses.VerifySubCategoryLinksOnSSC_CGL_CoursePage_testNG.logoutFromApplication()'><b>logoutFromApplication</b><br>Test class: testclasses.VerifySubCategoryLinksOnSSC_CGL_CoursePage_testNG</td>
<td></td>
<td>-1667383792</td>
<td>testclasses.VerifySubCategoryLinksOnSSC_CGL_CoursePage_testNG@1283bb96</td></tr>
<tr>
<td title='testclasses.VerifySSC_CGL_TestSeriesFunctionality.openSSC_CGL_coursePage()'><b>openSSC_CGL_coursePage</b><br>Test class: testclasses.VerifySSC_CGL_TestSeriesFunctionality</td>
<td></td>
<td>-1667383792</td>
<td>testclasses.VerifySSC_CGL_TestSeriesFunctionality@6aeb35e6</td></tr>
<tr>
<td title='testclasses.VerifySubCategoryLinksOnSSC_CGL_CoursePage_testNG.browserLaunch()'><b>browserLaunch</b><br>Test class: testclasses.VerifySubCategoryLinksOnSSC_CGL_CoursePage_testNG</td>
<td></td>
<td>-1667383792</td>
<td>testclasses.VerifySubCategoryLinksOnSSC_CGL_CoursePage_testNG@1283bb96</td></tr>
<tr>
<td title='testclasses.VerifySSC_CGL_TestSeriesFunctionality.logoutFromApplication()'><b>logoutFromApplication</b><br>Test class: testclasses.VerifySSC_CGL_TestSeriesFunctionality</td>
<td></td>
<td>-1667383792</td>
<td>testclasses.VerifySSC_CGL_TestSeriesFunctionality@6aeb35e6</td></tr>
<tr>
<td title='testclasses.VerifySubCategoryLinksOnSSC_CGL_CoursePage_testNG.CloseBrowser()'><b>CloseBrowser</b><br>Test class: testclasses.VerifySubCategoryLinksOnSSC_CGL_CoursePage_testNG</td>
<td></td>
<td>-1667383792</td>
<td>testclasses.VerifySubCategoryLinksOnSSC_CGL_CoursePage_testNG@1283bb96</td></tr>
<tr>
<td title='testclasses.VerifySubCategoryLinksOnSSC_CGL_CoursePage_testNG.logoutFromApplication()'><b>logoutFromApplication</b><br>Test class: testclasses.VerifySubCategoryLinksOnSSC_CGL_CoursePage_testNG</td>
<td></td>
<td>-1667383792</td>
<td>testclasses.VerifySubCategoryLinksOnSSC_CGL_CoursePage_testNG@1283bb96</td></tr>
<tr>
<td title='testclasses.VerifySubCategoryLinksOnSSC_CGL_CoursePage_testNG.logoutFromApplication()'><b>logoutFromApplication</b><br>Test class: testclasses.VerifySubCategoryLinksOnSSC_CGL_CoursePage_testNG</td>
<td></td>
<td>-1667383792</td>
<td>testclasses.VerifySubCategoryLinksOnSSC_CGL_CoursePage_testNG@1283bb96</td></tr>
<tr>
<td title='testclasses.VerifySSC_CGL_TestSeriesFunctionality.clearObject()'><b>clearObject</b><br>Test class: testclasses.VerifySSC_CGL_TestSeriesFunctionality</td>
<td></td>
<td>-1667383792</td>
<td>testclasses.VerifySSC_CGL_TestSeriesFunctionality@6aeb35e6</td></tr>
<tr>
<td title='testclasses.VerifySSC_CGL_TestSeriesFunctionality.logoutFromApplication()'><b>logoutFromApplication</b><br>Test class: testclasses.VerifySSC_CGL_TestSeriesFunctionality</td>
<td></td>
<td>-1667383792</td>
<td>testclasses.VerifySSC_CGL_TestSeriesFunctionality@6aeb35e6</td></tr>
<tr>
<td title='testclasses.VerifySSC_CGL_TestSeriesFunctionality.openSSC_CGL_coursePage()'><b>openSSC_CGL_coursePage</b><br>Test class: testclasses.VerifySSC_CGL_TestSeriesFunctionality</td>
<td></td>
<td>-1667383792</td>
<td>testclasses.VerifySSC_CGL_TestSeriesFunctionality@6aeb35e6</td></tr>
<tr>
<td title='testclasses.VerifySubCategoryLinksOnSSC_CGL_CoursePage_testNG.createPOMObjects()'><b>createPOMObjects</b><br>Test class: testclasses.VerifySubCategoryLinksOnSSC_CGL_CoursePage_testNG</td>
<td></td>
<td>-1667383792</td>
<td>testclasses.VerifySubCategoryLinksOnSSC_CGL_CoursePage_testNG@1283bb96</td></tr>
<tr>
<td title='testclasses.VerifySSC_CGL_TestSeriesFunctionality.createPOMObjects()'><b>createPOMObjects</b><br>Test class: testclasses.VerifySSC_CGL_TestSeriesFunctionality</td>
<td></td>
<td>-1667383792</td>
<td>testclasses.VerifySSC_CGL_TestSeriesFunctionality@6aeb35e6</td></tr>
<tr>
<td title='testclasses.VerifySSC_CGL_TestSeriesFunctionality.CloseBrowser()'><b>CloseBrowser</b><br>Test class: testclasses.VerifySSC_CGL_TestSeriesFunctionality</td>
<td></td>
<td>-1667383792</td>
<td>testclasses.VerifySSC_CGL_TestSeriesFunctionality@6aeb35e6</td></tr>
</table><p>
<table width='100%' border='1' class='invocation-skipped'>
<tr><td colspan='4' align='center'><b>SKIPPED TESTS</b></td></tr>
<tr><td><b>Test method</b></td>
<td width="30%"><b>Exception</b></td>
<td width="10%"><b>Time (seconds)</b></td>
<td><b>Instance</b></td>
</tr>
<tr>
<td title='testclasses.VerifySubCategoryLinksOnSSC_CGL_CoursePage_testNG.Verify_SSC_CGL_TestSeriesButton()'><b>Verify_SSC_CGL_TestSeriesButton</b><br>Test class: testclasses.VerifySubCategoryLinksOnSSC_CGL_CoursePage_testNG</td>
<td><div><pre>org.openqa.selenium.SessionNotCreatedException: session not created: This version of Microsoft Edge WebDriver only supports Microsoft Edge version 105
Current browser version is 107.0.1418.26 with binary path C:\Program Files (x86)\Microsoft\Edge\Application\msedge.exe
Build info: version: &apos;3.141.59&apos;, revision: &apos;e82be7d358&apos;, time: &apos;2018-11-14T08:17:03&apos;
System info: host: &apos;LAPTOP-9FGT47P4&apos;, ip: &apos;192.168.43.209&apos;, os.name: &apos;Windows 10&apos;, os.arch: &apos;amd64&apos;, os.version: &apos;10.0&apos;, java.version: &apos;18.0.1.1&apos;
Driver info: driver.version: EdgeDriver
remote stacktrace: Backtrace:
	Microsoft::Applications::Events::EventProperties::SetProperty [0x00007FF6EA252352+17554]
	Microsoft::Applications::Events::EventProperty::EventProperty [0x00007FF6EA1EECA2+1438690]
	Ordinal0 [0x00007FF6E9E19345+627525]
	Ordinal0 [0x00007FF6E9E473D4+816084]
	Ordinal0 [0x00007FF6E9E428B3+796851]
	Ordinal0 [0x00007FF6E9E3D9F0+776688]
	Ordinal0 [0x00007FF6E9E7969F+1021599]
	Ordinal0 [0x00007FF6E9E73A43+997955]
	Ordinal0 [0x00007FF6E9E494C0+824512]
	Ordinal0 [0x00007FF6E9E4A9F8+829944]
	Microsoft::Applications::Events::EventProperty::EventProperty [0x00007FF6EA0B0588+134344]
	Microsoft::Applications::Events::EventProperty::EventProperty [0x00007FF6EA099EB5+42485]
	Microsoft::Applications::Events::EventProperty::EventProperty [0x00007FF6EA09CF9C+55004]
	Ordinal0 [0x00007FF6E9F02E94+1584788]
	Microsoft::Applications::Events::EventProperty::EventProperty [0x00007FF6EA1F43EB+1461035]
	Microsoft::Applications::Events::EventProperty::EventProperty [0x00007FF6EA1F83B4+1477364]
	Microsoft::Applications::Events::EventProperty::EventProperty [0x00007FF6EA1F850D+1477709]
	Microsoft::Applications::Events::EventProperty::EventProperty [0x00007FF6EA2004D9+1510425]
	BaseThreadInitThunk [0x00007FFD5AFE7034+20]
	RtlUserThreadStart [0x00007FFD5BCA26A1+33]

	at org.openqa.selenium.remote.W3CHandshakeResponse.lambda$errorHandler$0(W3CHandshakeResponse.java:62)
	at org.openqa.selenium.remote.HandshakeResponse.lambda$getResponseFunction$0(HandshakeResponse.java:30)
	at org.openqa.selenium.remote.ProtocolHandshake.lambda$createSession$0(ProtocolHandshake.java:126)
	at java.base/java.util.stream.ReferencePipeline$3$1.accept(ReferencePipeline.java:197)
	at java.base/java.util.Spliterators$ArraySpliterator.tryAdvance(Spliterators.java:1002)
	at java.base/java.util.stream.ReferencePipeline.forEachWithCancel(ReferencePipeline.java:129)
	at java.base/java.util.stream.AbstractPipeline.copyIntoWithCancel(AbstractPipeline.java:527)
	at java.base/java.util.stream.AbstractPipeline.copyInto(AbstractPipeline.java:513)
	at java.base/java.util.stream.AbstractPipeline.wrapAndCopyInto(AbstractPipeline.java:499)
	at java.base/java.util.stream.FindOps$FindOp.evaluateSequential(FindOps.java:150)
	at java.base/java.util.stream.AbstractPipeline.evaluate(AbstractPipeline.java:234)
	at java.base/java.util.stream.ReferencePipeline.findFirst(ReferencePipeline.java:647)
	at org.openqa.selenium.remote.ProtocolHandshake.createSession(ProtocolHandshake.java:128)
	at org.openqa.selenium.remote.ProtocolHandshake.createSession(ProtocolHandshake.java:74)
	at org.openqa.selenium.remote.HttpCommandExecutor.execute(HttpCommandExecutor.java:136)
	at org.openqa.selenium.remote.service.DriverCommandExecutor.execute(DriverCommandExecutor.java:83)
	at org.openqa.selenium.remote.RemoteWebDriver.execute(RemoteWebDriver.java:552)
	at org.openqa.selenium.remote.RemoteWebDriver.startSession(RemoteWebDriver.java:213)
	at org.openqa.selenium.remote.RemoteWebDriver.&lt;init&gt;(RemoteWebDriver.java:131)
	at org.openqa.selenium.edge.EdgeDriver.&lt;init&gt;(EdgeDriver.java:141)
	at org.openqa.selenium.edge.EdgeDriver.&lt;init&gt;(EdgeDriver.java:96)
	at setup.Base.openMSEdgeBrowser(Base.java:21)
	at testclasses.VerifySSC_CGL_TestSeriesFunctionality.browserLaunch(VerifySSC_CGL_TestSeriesFunctionality.java:42)
... Removed 25 stack frames</pre></div><a href='#' onClick='toggleBox("stack-trace1437204217", this, "Click to show all stack frames", "Click to hide stack frames")'>Click to show all stack frames</a>
<div class='stack-trace' id='stack-trace1437204217'><pre>org.openqa.selenium.SessionNotCreatedException: session not created: This version of Microsoft Edge WebDriver only supports Microsoft Edge version 105
Current browser version is 107.0.1418.26 with binary path C:\Program Files (x86)\Microsoft\Edge\Application\msedge.exe
Build info: version: &apos;3.141.59&apos;, revision: &apos;e82be7d358&apos;, time: &apos;2018-11-14T08:17:03&apos;
System info: host: &apos;LAPTOP-9FGT47P4&apos;, ip: &apos;192.168.43.209&apos;, os.name: &apos;Windows 10&apos;, os.arch: &apos;amd64&apos;, os.version: &apos;10.0&apos;, java.version: &apos;18.0.1.1&apos;
Driver info: driver.version: EdgeDriver
remote stacktrace: Backtrace:
	Microsoft::Applications::Events::EventProperties::SetProperty [0x00007FF6EA252352+17554]
	Microsoft::Applications::Events::EventProperty::EventProperty [0x00007FF6EA1EECA2+1438690]
	Ordinal0 [0x00007FF6E9E19345+627525]
	Ordinal0 [0x00007FF6E9E473D4+816084]
	Ordinal0 [0x00007FF6E9E428B3+796851]
	Ordinal0 [0x00007FF6E9E3D9F0+776688]
	Ordinal0 [0x00007FF6E9E7969F+1021599]
	Ordinal0 [0x00007FF6E9E73A43+997955]
	Ordinal0 [0x00007FF6E9E494C0+824512]
	Ordinal0 [0x00007FF6E9E4A9F8+829944]
	Microsoft::Applications::Events::EventProperty::EventProperty [0x00007FF6EA0B0588+134344]
	Microsoft::Applications::Events::EventProperty::EventProperty [0x00007FF6EA099EB5+42485]
	Microsoft::Applications::Events::EventProperty::EventProperty [0x00007FF6EA09CF9C+55004]
	Ordinal0 [0x00007FF6E9F02E94+1584788]
	Microsoft::Applications::Events::EventProperty::EventProperty [0x00007FF6EA1F43EB+1461035]
	Microsoft::Applications::Events::EventProperty::EventProperty [0x00007FF6EA1F83B4+1477364]
	Microsoft::Applications::Events::EventProperty::EventProperty [0x00007FF6EA1F850D+1477709]
	Microsoft::Applications::Events::EventProperty::EventProperty [0x00007FF6EA2004D9+1510425]
	BaseThreadInitThunk [0x00007FFD5AFE7034+20]
	RtlUserThreadStart [0x00007FFD5BCA26A1+33]

	at java.base/jdk.internal.reflect.DirectConstructorHandleAccessor.newInstance(DirectConstructorHandleAccessor.java:67)
	at java.base/java.lang.reflect.Constructor.newInstanceWithCaller(Constructor.java:499)
	at java.base/java.lang.reflect.Constructor.newInstance(Constructor.java:483)
	at org.openqa.selenium.remote.W3CHandshakeResponse.lambda$errorHandler$0(W3CHandshakeResponse.java:62)
	at org.openqa.selenium.remote.HandshakeResponse.lambda$getResponseFunction$0(HandshakeResponse.java:30)
	at org.openqa.selenium.remote.ProtocolHandshake.lambda$createSession$0(ProtocolHandshake.java:126)
	at java.base/java.util.stream.ReferencePipeline$3$1.accept(ReferencePipeline.java:197)
	at java.base/java.util.Spliterators$ArraySpliterator.tryAdvance(Spliterators.java:1002)
	at java.base/java.util.stream.ReferencePipeline.forEachWithCancel(ReferencePipeline.java:129)
	at java.base/java.util.stream.AbstractPipeline.copyIntoWithCancel(AbstractPipeline.java:527)
	at java.base/java.util.stream.AbstractPipeline.copyInto(AbstractPipeline.java:513)
	at java.base/java.util.stream.AbstractPipeline.wrapAndCopyInto(AbstractPipeline.java:499)
	at java.base/java.util.stream.FindOps$FindOp.evaluateSequential(FindOps.java:150)
	at java.base/java.util.stream.AbstractPipeline.evaluate(AbstractPipeline.java:234)
	at java.base/java.util.stream.ReferencePipeline.findFirst(ReferencePipeline.java:647)
	at org.openqa.selenium.remote.ProtocolHandshake.createSession(ProtocolHandshake.java:128)
	at org.openqa.selenium.remote.ProtocolHandshake.createSession(ProtocolHandshake.java:74)
	at org.openqa.selenium.remote.HttpCommandExecutor.execute(HttpCommandExecutor.java:136)
	at org.openqa.selenium.remote.service.DriverCommandExecutor.execute(DriverCommandExecutor.java:83)
	at org.openqa.selenium.remote.RemoteWebDriver.execute(RemoteWebDriver.java:552)
	at org.openqa.selenium.remote.RemoteWebDriver.startSession(RemoteWebDriver.java:213)
	at org.openqa.selenium.remote.RemoteWebDriver.&lt;init&gt;(RemoteWebDriver.java:131)
	at org.openqa.selenium.edge.EdgeDriver.&lt;init&gt;(EdgeDriver.java:141)
	at org.openqa.selenium.edge.EdgeDriver.&lt;init&gt;(EdgeDriver.java:96)
	at setup.Base.openMSEdgeBrowser(Base.java:21)
	at testclasses.VerifySSC_CGL_TestSeriesFunctionality.browserLaunch(VerifySSC_CGL_TestSeriesFunctionality.java:42)
	at java.base/jdk.internal.reflect.DirectMethodHandleAccessor.invoke(DirectMethodHandleAccessor.java:104)
	at java.base/java.lang.reflect.Method.invoke(Method.java:577)
	at org.testng.internal.MethodInvocationHelper.invokeMethod(MethodInvocationHelper.java:133)
	at org.testng.internal.MethodInvocationHelper.invokeMethodConsideringTimeout(MethodInvocationHelper.java:62)
	at org.testng.internal.ConfigInvoker.invokeConfigurationMethod(ConfigInvoker.java:385)
	at org.testng.internal.ConfigInvoker.invokeConfigurations(ConfigInvoker.java:321)
	at org.testng.TestRunner.invokeTestConfigurations(TestRunner.java:637)
	at org.testng.TestRunner.beforeRun(TestRunner.java:627)
	at org.testng.TestRunner.run(TestRunner.java:589)
	at org.testng.SuiteRunner.runTest(SuiteRunner.java:377)
	at org.testng.SuiteRunner.runSequentially(SuiteRunner.java:371)
	at org.testng.SuiteRunner.privateRun(SuiteRunner.java:332)
	at org.testng.SuiteRunner.run(SuiteRunner.java:276)
	at org.testng.SuiteRunnerWorker.runSuite(SuiteRunnerWorker.java:53)
	at org.testng.SuiteRunnerWorker.run(SuiteRunnerWorker.java:96)
	at org.testng.TestNG.runSuitesSequentially(TestNG.java:1212)
	at org.testng.TestNG.runSuitesLocally(TestNG.java:1134)
	at org.testng.TestNG.runSuites(TestNG.java:1063)
	at org.testng.TestNG.run(TestNG.java:1031)
	at org.testng.remote.AbstractRemoteTestNG.run(AbstractRemoteTestNG.java:115)
	at org.testng.remote.RemoteTestNG.initAndRun(RemoteTestNG.java:251)
	at org.testng.remote.RemoteTestNG.main(RemoteTestNG.java:77)
</pre></div></td>
<td>0</td>
<td>testclasses.VerifySubCategoryLinksOnSSC_CGL_CoursePage_testNG@1283bb96</td></tr>
<tr>
<td title='testclasses.VerifySSC_CGL_TestSeriesFunctionality.Verify_SSC_CGL_TestSeriesButton()'><b>Verify_SSC_CGL_TestSeriesButton</b><br>Test class: testclasses.VerifySSC_CGL_TestSeriesFunctionality</td>
<td><div><pre>org.openqa.selenium.SessionNotCreatedException: session not created: This version of Microsoft Edge WebDriver only supports Microsoft Edge version 105
Current browser version is 107.0.1418.26 with binary path C:\Program Files (x86)\Microsoft\Edge\Application\msedge.exe
Build info: version: &apos;3.141.59&apos;, revision: &apos;e82be7d358&apos;, time: &apos;2018-11-14T08:17:03&apos;
System info: host: &apos;LAPTOP-9FGT47P4&apos;, ip: &apos;192.168.43.209&apos;, os.name: &apos;Windows 10&apos;, os.arch: &apos;amd64&apos;, os.version: &apos;10.0&apos;, java.version: &apos;18.0.1.1&apos;
Driver info: driver.version: EdgeDriver
remote stacktrace: Backtrace:
	Microsoft::Applications::Events::EventProperties::SetProperty [0x00007FF6EA252352+17554]
	Microsoft::Applications::Events::EventProperty::EventProperty [0x00007FF6EA1EECA2+1438690]
	Ordinal0 [0x00007FF6E9E19345+627525]
	Ordinal0 [0x00007FF6E9E473D4+816084]
	Ordinal0 [0x00007FF6E9E428B3+796851]
	Ordinal0 [0x00007FF6E9E3D9F0+776688]
	Ordinal0 [0x00007FF6E9E7969F+1021599]
	Ordinal0 [0x00007FF6E9E73A43+997955]
	Ordinal0 [0x00007FF6E9E494C0+824512]
	Ordinal0 [0x00007FF6E9E4A9F8+829944]
	Microsoft::Applications::Events::EventProperty::EventProperty [0x00007FF6EA0B0588+134344]
	Microsoft::Applications::Events::EventProperty::EventProperty [0x00007FF6EA099EB5+42485]
	Microsoft::Applications::Events::EventProperty::EventProperty [0x00007FF6EA09CF9C+55004]
	Ordinal0 [0x00007FF6E9F02E94+1584788]
	Microsoft::Applications::Events::EventProperty::EventProperty [0x00007FF6EA1F43EB+1461035]
	Microsoft::Applications::Events::EventProperty::EventProperty [0x00007FF6EA1F83B4+1477364]
	Microsoft::Applications::Events::EventProperty::EventProperty [0x00007FF6EA1F850D+1477709]
	Microsoft::Applications::Events::EventProperty::EventProperty [0x00007FF6EA2004D9+1510425]
	BaseThreadInitThunk [0x00007FFD5AFE7034+20]
	RtlUserThreadStart [0x00007FFD5BCA26A1+33]

	at org.openqa.selenium.remote.W3CHandshakeResponse.lambda$errorHandler$0(W3CHandshakeResponse.java:62)
	at org.openqa.selenium.remote.HandshakeResponse.lambda$getResponseFunction$0(HandshakeResponse.java:30)
	at org.openqa.selenium.remote.ProtocolHandshake.lambda$createSession$0(ProtocolHandshake.java:126)
	at java.base/java.util.stream.ReferencePipeline$3$1.accept(ReferencePipeline.java:197)
	at java.base/java.util.Spliterators$ArraySpliterator.tryAdvance(Spliterators.java:1002)
	at java.base/java.util.stream.ReferencePipeline.forEachWithCancel(ReferencePipeline.java:129)
	at java.base/java.util.stream.AbstractPipeline.copyIntoWithCancel(AbstractPipeline.java:527)
	at java.base/java.util.stream.AbstractPipeline.copyInto(AbstractPipeline.java:513)
	at java.base/java.util.stream.AbstractPipeline.wrapAndCopyInto(AbstractPipeline.java:499)
	at java.base/java.util.stream.FindOps$FindOp.evaluateSequential(FindOps.java:150)
	at java.base/java.util.stream.AbstractPipeline.evaluate(AbstractPipeline.java:234)
	at java.base/java.util.stream.ReferencePipeline.findFirst(ReferencePipeline.java:647)
	at org.openqa.selenium.remote.ProtocolHandshake.createSession(ProtocolHandshake.java:128)
	at org.openqa.selenium.remote.ProtocolHandshake.createSession(ProtocolHandshake.java:74)
	at org.openqa.selenium.remote.HttpCommandExecutor.execute(HttpCommandExecutor.java:136)
	at org.openqa.selenium.remote.service.DriverCommandExecutor.execute(DriverCommandExecutor.java:83)
	at org.openqa.selenium.remote.RemoteWebDriver.execute(RemoteWebDriver.java:552)
	at org.openqa.selenium.remote.RemoteWebDriver.startSession(RemoteWebDriver.java:213)
	at org.openqa.selenium.remote.RemoteWebDriver.&lt;init&gt;(RemoteWebDriver.java:131)
	at org.openqa.selenium.edge.EdgeDriver.&lt;init&gt;(EdgeDriver.java:141)
	at org.openqa.selenium.edge.EdgeDriver.&lt;init&gt;(EdgeDriver.java:96)
	at setup.Base.openMSEdgeBrowser(Base.java:21)
	at testclasses.VerifySSC_CGL_TestSeriesFunctionality.browserLaunch(VerifySSC_CGL_TestSeriesFunctionality.java:42)
... Removed 25 stack frames</pre></div><a href='#' onClick='toggleBox("stack-trace1913772549", this, "Click to show all stack frames", "Click to hide stack frames")'>Click to show all stack frames</a>
<div class='stack-trace' id='stack-trace1913772549'><pre>org.openqa.selenium.SessionNotCreatedException: session not created: This version of Microsoft Edge WebDriver only supports Microsoft Edge version 105
Current browser version is 107.0.1418.26 with binary path C:\Program Files (x86)\Microsoft\Edge\Application\msedge.exe
Build info: version: &apos;3.141.59&apos;, revision: &apos;e82be7d358&apos;, time: &apos;2018-11-14T08:17:03&apos;
System info: host: &apos;LAPTOP-9FGT47P4&apos;, ip: &apos;192.168.43.209&apos;, os.name: &apos;Windows 10&apos;, os.arch: &apos;amd64&apos;, os.version: &apos;10.0&apos;, java.version: &apos;18.0.1.1&apos;
Driver info: driver.version: EdgeDriver
remote stacktrace: Backtrace:
	Microsoft::Applications::Events::EventProperties::SetProperty [0x00007FF6EA252352+17554]
	Microsoft::Applications::Events::EventProperty::EventProperty [0x00007FF6EA1EECA2+1438690]
	Ordinal0 [0x00007FF6E9E19345+627525]
	Ordinal0 [0x00007FF6E9E473D4+816084]
	Ordinal0 [0x00007FF6E9E428B3+796851]
	Ordinal0 [0x00007FF6E9E3D9F0+776688]
	Ordinal0 [0x00007FF6E9E7969F+1021599]
	Ordinal0 [0x00007FF6E9E73A43+997955]
	Ordinal0 [0x00007FF6E9E494C0+824512]
	Ordinal0 [0x00007FF6E9E4A9F8+829944]
	Microsoft::Applications::Events::EventProperty::EventProperty [0x00007FF6EA0B0588+134344]
	Microsoft::Applications::Events::EventProperty::EventProperty [0x00007FF6EA099EB5+42485]
	Microsoft::Applications::Events::EventProperty::EventProperty [0x00007FF6EA09CF9C+55004]
	Ordinal0 [0x00007FF6E9F02E94+1584788]
	Microsoft::Applications::Events::EventProperty::EventProperty [0x00007FF6EA1F43EB+1461035]
	Microsoft::Applications::Events::EventProperty::EventProperty [0x00007FF6EA1F83B4+1477364]
	Microsoft::Applications::Events::EventProperty::EventProperty [0x00007FF6EA1F850D+1477709]
	Microsoft::Applications::Events::EventProperty::EventProperty [0x00007FF6EA2004D9+1510425]
	BaseThreadInitThunk [0x00007FFD5AFE7034+20]
	RtlUserThreadStart [0x00007FFD5BCA26A1+33]

	at java.base/jdk.internal.reflect.DirectConstructorHandleAccessor.newInstance(DirectConstructorHandleAccessor.java:67)
	at java.base/java.lang.reflect.Constructor.newInstanceWithCaller(Constructor.java:499)
	at java.base/java.lang.reflect.Constructor.newInstance(Constructor.java:483)
	at org.openqa.selenium.remote.W3CHandshakeResponse.lambda$errorHandler$0(W3CHandshakeResponse.java:62)
	at org.openqa.selenium.remote.HandshakeResponse.lambda$getResponseFunction$0(HandshakeResponse.java:30)
	at org.openqa.selenium.remote.ProtocolHandshake.lambda$createSession$0(ProtocolHandshake.java:126)
	at java.base/java.util.stream.ReferencePipeline$3$1.accept(ReferencePipeline.java:197)
	at java.base/java.util.Spliterators$ArraySpliterator.tryAdvance(Spliterators.java:1002)
	at java.base/java.util.stream.ReferencePipeline.forEachWithCancel(ReferencePipeline.java:129)
	at java.base/java.util.stream.AbstractPipeline.copyIntoWithCancel(AbstractPipeline.java:527)
	at java.base/java.util.stream.AbstractPipeline.copyInto(AbstractPipeline.java:513)
	at java.base/java.util.stream.AbstractPipeline.wrapAndCopyInto(AbstractPipeline.java:499)
	at java.base/java.util.stream.FindOps$FindOp.evaluateSequential(FindOps.java:150)
	at java.base/java.util.stream.AbstractPipeline.evaluate(AbstractPipeline.java:234)
	at java.base/java.util.stream.ReferencePipeline.findFirst(ReferencePipeline.java:647)
	at org.openqa.selenium.remote.ProtocolHandshake.createSession(ProtocolHandshake.java:128)
	at org.openqa.selenium.remote.ProtocolHandshake.createSession(ProtocolHandshake.java:74)
	at org.openqa.selenium.remote.HttpCommandExecutor.execute(HttpCommandExecutor.java:136)
	at org.openqa.selenium.remote.service.DriverCommandExecutor.execute(DriverCommandExecutor.java:83)
	at org.openqa.selenium.remote.RemoteWebDriver.execute(RemoteWebDriver.java:552)
	at org.openqa.selenium.remote.RemoteWebDriver.startSession(RemoteWebDriver.java:213)
	at org.openqa.selenium.remote.RemoteWebDriver.&lt;init&gt;(RemoteWebDriver.java:131)
	at org.openqa.selenium.edge.EdgeDriver.&lt;init&gt;(EdgeDriver.java:141)
	at org.openqa.selenium.edge.EdgeDriver.&lt;init&gt;(EdgeDriver.java:96)
	at setup.Base.openMSEdgeBrowser(Base.java:21)
	at testclasses.VerifySSC_CGL_TestSeriesFunctionality.browserLaunch(VerifySSC_CGL_TestSeriesFunctionality.java:42)
	at java.base/jdk.internal.reflect.DirectMethodHandleAccessor.invoke(DirectMethodHandleAccessor.java:104)
	at java.base/java.lang.reflect.Method.invoke(Method.java:577)
	at org.testng.internal.MethodInvocationHelper.invokeMethod(MethodInvocationHelper.java:133)
	at org.testng.internal.MethodInvocationHelper.invokeMethodConsideringTimeout(MethodInvocationHelper.java:62)
	at org.testng.internal.ConfigInvoker.invokeConfigurationMethod(ConfigInvoker.java:385)
	at org.testng.internal.ConfigInvoker.invokeConfigurations(ConfigInvoker.java:321)
	at org.testng.TestRunner.invokeTestConfigurations(TestRunner.java:637)
	at org.testng.TestRunner.beforeRun(TestRunner.java:627)
	at org.testng.TestRunner.run(TestRunner.java:589)
	at org.testng.SuiteRunner.runTest(SuiteRunner.java:377)
	at org.testng.SuiteRunner.runSequentially(SuiteRunner.java:371)
	at org.testng.SuiteRunner.privateRun(SuiteRunner.java:332)
	at org.testng.SuiteRunner.run(SuiteRunner.java:276)
	at org.testng.SuiteRunnerWorker.runSuite(SuiteRunnerWorker.java:53)
	at org.testng.SuiteRunnerWorker.run(SuiteRunnerWorker.java:96)
	at org.testng.TestNG.runSuitesSequentially(TestNG.java:1212)
	at org.testng.TestNG.runSuitesLocally(TestNG.java:1134)
	at org.testng.TestNG.runSuites(TestNG.java:1063)
	at org.testng.TestNG.run(TestNG.java:1031)
	at org.testng.remote.AbstractRemoteTestNG.run(AbstractRemoteTestNG.java:115)
	at org.testng.remote.RemoteTestNG.initAndRun(RemoteTestNG.java:251)
	at org.testng.remote.RemoteTestNG.main(RemoteTestNG.java:77)
</pre></div></td>
<td>0</td>
<td>testclasses.VerifySSC_CGL_TestSeriesFunctionality@6aeb35e6</td></tr>
<tr>
<td title='testclasses.VerifySubCategoryLinksOnSSC_CGL_CoursePage_testNG.Verify_SSC_CGL_TestSeriesButton()'><b>Verify_SSC_CGL_TestSeriesButton</b><br>Test class: testclasses.VerifySubCategoryLinksOnSSC_CGL_CoursePage_testNG</td>
<td><div><pre>org.openqa.selenium.SessionNotCreatedException: session not created: This version of Microsoft Edge WebDriver only supports Microsoft Edge version 105
Current browser version is 107.0.1418.26 with binary path C:\Program Files (x86)\Microsoft\Edge\Application\msedge.exe
Build info: version: &apos;3.141.59&apos;, revision: &apos;e82be7d358&apos;, time: &apos;2018-11-14T08:17:03&apos;
System info: host: &apos;LAPTOP-9FGT47P4&apos;, ip: &apos;192.168.43.209&apos;, os.name: &apos;Windows 10&apos;, os.arch: &apos;amd64&apos;, os.version: &apos;10.0&apos;, java.version: &apos;18.0.1.1&apos;
Driver info: driver.version: EdgeDriver
remote stacktrace: Backtrace:
	Microsoft::Applications::Events::EventProperties::SetProperty [0x00007FF6EA252352+17554]
	Microsoft::Applications::Events::EventProperty::EventProperty [0x00007FF6EA1EECA2+1438690]
	Ordinal0 [0x00007FF6E9E19345+627525]
	Ordinal0 [0x00007FF6E9E473D4+816084]
	Ordinal0 [0x00007FF6E9E428B3+796851]
	Ordinal0 [0x00007FF6E9E3D9F0+776688]
	Ordinal0 [0x00007FF6E9E7969F+1021599]
	Ordinal0 [0x00007FF6E9E73A43+997955]
	Ordinal0 [0x00007FF6E9E494C0+824512]
	Ordinal0 [0x00007FF6E9E4A9F8+829944]
	Microsoft::Applications::Events::EventProperty::EventProperty [0x00007FF6EA0B0588+134344]
	Microsoft::Applications::Events::EventProperty::EventProperty [0x00007FF6EA099EB5+42485]
	Microsoft::Applications::Events::EventProperty::EventProperty [0x00007FF6EA09CF9C+55004]
	Ordinal0 [0x00007FF6E9F02E94+1584788]
	Microsoft::Applications::Events::EventProperty::EventProperty [0x00007FF6EA1F43EB+1461035]
	Microsoft::Applications::Events::EventProperty::EventProperty [0x00007FF6EA1F83B4+1477364]
	Microsoft::Applications::Events::EventProperty::EventProperty [0x00007FF6EA1F850D+1477709]
	Microsoft::Applications::Events::EventProperty::EventProperty [0x00007FF6EA2004D9+1510425]
	BaseThreadInitThunk [0x00007FFD5AFE7034+20]
	RtlUserThreadStart [0x00007FFD5BCA26A1+33]

	at org.openqa.selenium.remote.W3CHandshakeResponse.lambda$errorHandler$0(W3CHandshakeResponse.java:62)
	at org.openqa.selenium.remote.HandshakeResponse.lambda$getResponseFunction$0(HandshakeResponse.java:30)
	at org.openqa.selenium.remote.ProtocolHandshake.lambda$createSession$0(ProtocolHandshake.java:126)
	at java.base/java.util.stream.ReferencePipeline$3$1.accept(ReferencePipeline.java:197)
	at java.base/java.util.Spliterators$ArraySpliterator.tryAdvance(Spliterators.java:1002)
	at java.base/java.util.stream.ReferencePipeline.forEachWithCancel(ReferencePipeline.java:129)
	at java.base/java.util.stream.AbstractPipeline.copyIntoWithCancel(AbstractPipeline.java:527)
	at java.base/java.util.stream.AbstractPipeline.copyInto(AbstractPipeline.java:513)
	at java.base/java.util.stream.AbstractPipeline.wrapAndCopyInto(AbstractPipeline.java:499)
	at java.base/java.util.stream.FindOps$FindOp.evaluateSequential(FindOps.java:150)
	at java.base/java.util.stream.AbstractPipeline.evaluate(AbstractPipeline.java:234)
	at java.base/java.util.stream.ReferencePipeline.findFirst(ReferencePipeline.java:647)
	at org.openqa.selenium.remote.ProtocolHandshake.createSession(ProtocolHandshake.java:128)
	at org.openqa.selenium.remote.ProtocolHandshake.createSession(ProtocolHandshake.java:74)
	at org.openqa.selenium.remote.HttpCommandExecutor.execute(HttpCommandExecutor.java:136)
	at org.openqa.selenium.remote.service.DriverCommandExecutor.execute(DriverCommandExecutor.java:83)
	at org.openqa.selenium.remote.RemoteWebDriver.execute(RemoteWebDriver.java:552)
	at org.openqa.selenium.remote.RemoteWebDriver.startSession(RemoteWebDriver.java:213)
	at org.openqa.selenium.remote.RemoteWebDriver.&lt;init&gt;(RemoteWebDriver.java:131)
	at org.openqa.selenium.edge.EdgeDriver.&lt;init&gt;(EdgeDriver.java:141)
	at org.openqa.selenium.edge.EdgeDriver.&lt;init&gt;(EdgeDriver.java:96)
	at setup.Base.openMSEdgeBrowser(Base.java:21)
	at testclasses.VerifySSC_CGL_TestSeriesFunctionality.browserLaunch(VerifySSC_CGL_TestSeriesFunctionality.java:42)
... Removed 25 stack frames</pre></div><a href='#' onClick='toggleBox("stack-trace1323717155", this, "Click to show all stack frames", "Click to hide stack frames")'>Click to show all stack frames</a>
<div class='stack-trace' id='stack-trace1323717155'><pre>org.openqa.selenium.SessionNotCreatedException: session not created: This version of Microsoft Edge WebDriver only supports Microsoft Edge version 105
Current browser version is 107.0.1418.26 with binary path C:\Program Files (x86)\Microsoft\Edge\Application\msedge.exe
Build info: version: &apos;3.141.59&apos;, revision: &apos;e82be7d358&apos;, time: &apos;2018-11-14T08:17:03&apos;
System info: host: &apos;LAPTOP-9FGT47P4&apos;, ip: &apos;192.168.43.209&apos;, os.name: &apos;Windows 10&apos;, os.arch: &apos;amd64&apos;, os.version: &apos;10.0&apos;, java.version: &apos;18.0.1.1&apos;
Driver info: driver.version: EdgeDriver
remote stacktrace: Backtrace:
	Microsoft::Applications::Events::EventProperties::SetProperty [0x00007FF6EA252352+17554]
	Microsoft::Applications::Events::EventProperty::EventProperty [0x00007FF6EA1EECA2+1438690]
	Ordinal0 [0x00007FF6E9E19345+627525]
	Ordinal0 [0x00007FF6E9E473D4+816084]
	Ordinal0 [0x00007FF6E9E428B3+796851]
	Ordinal0 [0x00007FF6E9E3D9F0+776688]
	Ordinal0 [0x00007FF6E9E7969F+1021599]
	Ordinal0 [0x00007FF6E9E73A43+997955]
	Ordinal0 [0x00007FF6E9E494C0+824512]
	Ordinal0 [0x00007FF6E9E4A9F8+829944]
	Microsoft::Applications::Events::EventProperty::EventProperty [0x00007FF6EA0B0588+134344]
	Microsoft::Applications::Events::EventProperty::EventProperty [0x00007FF6EA099EB5+42485]
	Microsoft::Applications::Events::EventProperty::EventProperty [0x00007FF6EA09CF9C+55004]
	Ordinal0 [0x00007FF6E9F02E94+1584788]
	Microsoft::Applications::Events::EventProperty::EventProperty [0x00007FF6EA1F43EB+1461035]
	Microsoft::Applications::Events::EventProperty::EventProperty [0x00007FF6EA1F83B4+1477364]
	Microsoft::Applications::Events::EventProperty::EventProperty [0x00007FF6EA1F850D+1477709]
	Microsoft::Applications::Events::EventProperty::EventProperty [0x00007FF6EA2004D9+1510425]
	BaseThreadInitThunk [0x00007FFD5AFE7034+20]
	RtlUserThreadStart [0x00007FFD5BCA26A1+33]

	at java.base/jdk.internal.reflect.DirectConstructorHandleAccessor.newInstance(DirectConstructorHandleAccessor.java:67)
	at java.base/java.lang.reflect.Constructor.newInstanceWithCaller(Constructor.java:499)
	at java.base/java.lang.reflect.Constructor.newInstance(Constructor.java:483)
	at org.openqa.selenium.remote.W3CHandshakeResponse.lambda$errorHandler$0(W3CHandshakeResponse.java:62)
	at org.openqa.selenium.remote.HandshakeResponse.lambda$getResponseFunction$0(HandshakeResponse.java:30)
	at org.openqa.selenium.remote.ProtocolHandshake.lambda$createSession$0(ProtocolHandshake.java:126)
	at java.base/java.util.stream.ReferencePipeline$3$1.accept(ReferencePipeline.java:197)
	at java.base/java.util.Spliterators$ArraySpliterator.tryAdvance(Spliterators.java:1002)
	at java.base/java.util.stream.ReferencePipeline.forEachWithCancel(ReferencePipeline.java:129)
	at java.base/java.util.stream.AbstractPipeline.copyIntoWithCancel(AbstractPipeline.java:527)
	at java.base/java.util.stream.AbstractPipeline.copyInto(AbstractPipeline.java:513)
	at java.base/java.util.stream.AbstractPipeline.wrapAndCopyInto(AbstractPipeline.java:499)
	at java.base/java.util.stream.FindOps$FindOp.evaluateSequential(FindOps.java:150)
	at java.base/java.util.stream.AbstractPipeline.evaluate(AbstractPipeline.java:234)
	at java.base/java.util.stream.ReferencePipeline.findFirst(ReferencePipeline.java:647)
	at org.openqa.selenium.remote.ProtocolHandshake.createSession(ProtocolHandshake.java:128)
	at org.openqa.selenium.remote.ProtocolHandshake.createSession(ProtocolHandshake.java:74)
	at org.openqa.selenium.remote.HttpCommandExecutor.execute(HttpCommandExecutor.java:136)
	at org.openqa.selenium.remote.service.DriverCommandExecutor.execute(DriverCommandExecutor.java:83)
	at org.openqa.selenium.remote.RemoteWebDriver.execute(RemoteWebDriver.java:552)
	at org.openqa.selenium.remote.RemoteWebDriver.startSession(RemoteWebDriver.java:213)
	at org.openqa.selenium.remote.RemoteWebDriver.&lt;init&gt;(RemoteWebDriver.java:131)
	at org.openqa.selenium.edge.EdgeDriver.&lt;init&gt;(EdgeDriver.java:141)
	at org.openqa.selenium.edge.EdgeDriver.&lt;init&gt;(EdgeDriver.java:96)
	at setup.Base.openMSEdgeBrowser(Base.java:21)
	at testclasses.VerifySSC_CGL_TestSeriesFunctionality.browserLaunch(VerifySSC_CGL_TestSeriesFunctionality.java:42)
	at java.base/jdk.internal.reflect.DirectMethodHandleAccessor.invoke(DirectMethodHandleAccessor.java:104)
	at java.base/java.lang.reflect.Method.invoke(Method.java:577)
	at org.testng.internal.MethodInvocationHelper.invokeMethod(MethodInvocationHelper.java:133)
	at org.testng.internal.MethodInvocationHelper.invokeMethodConsideringTimeout(MethodInvocationHelper.java:62)
	at org.testng.internal.ConfigInvoker.invokeConfigurationMethod(ConfigInvoker.java:385)
	at org.testng.internal.ConfigInvoker.invokeConfigurations(ConfigInvoker.java:321)
	at org.testng.TestRunner.invokeTestConfigurations(TestRunner.java:637)
	at org.testng.TestRunner.beforeRun(TestRunner.java:627)
	at org.testng.TestRunner.run(TestRunner.java:589)
	at org.testng.SuiteRunner.runTest(SuiteRunner.java:377)
	at org.testng.SuiteRunner.runSequentially(SuiteRunner.java:371)
	at org.testng.SuiteRunner.privateRun(SuiteRunner.java:332)
	at org.testng.SuiteRunner.run(SuiteRunner.java:276)
	at org.testng.SuiteRunnerWorker.runSuite(SuiteRunnerWorker.java:53)
	at org.testng.SuiteRunnerWorker.run(SuiteRunnerWorker.java:96)
	at org.testng.TestNG.runSuitesSequentially(TestNG.java:1212)
	at org.testng.TestNG.runSuitesLocally(TestNG.java:1134)
	at org.testng.TestNG.runSuites(TestNG.java:1063)
	at org.testng.TestNG.run(TestNG.java:1031)
	at org.testng.remote.AbstractRemoteTestNG.run(AbstractRemoteTestNG.java:115)
	at org.testng.remote.RemoteTestNG.initAndRun(RemoteTestNG.java:251)
	at org.testng.remote.RemoteTestNG.main(RemoteTestNG.java:77)
</pre></div></td>
<td>0</td>
<td>testclasses.VerifySubCategoryLinksOnSSC_CGL_CoursePage_testNG@1283bb96</td></tr>
<tr>
<td title='testclasses.VerifySubCategoryLinksOnSSC_CGL_CoursePage_testNG.Verify_SSC_CGL_OnlineLiveClassesButton()'><b>Verify_SSC_CGL_OnlineLiveClassesButton</b><br>Test class: testclasses.VerifySubCategoryLinksOnSSC_CGL_CoursePage_testNG</td>
<td><div><pre>org.openqa.selenium.SessionNotCreatedException: session not created: This version of Microsoft Edge WebDriver only supports Microsoft Edge version 105
Current browser version is 107.0.1418.26 with binary path C:\Program Files (x86)\Microsoft\Edge\Application\msedge.exe
Build info: version: &apos;3.141.59&apos;, revision: &apos;e82be7d358&apos;, time: &apos;2018-11-14T08:17:03&apos;
System info: host: &apos;LAPTOP-9FGT47P4&apos;, ip: &apos;192.168.43.209&apos;, os.name: &apos;Windows 10&apos;, os.arch: &apos;amd64&apos;, os.version: &apos;10.0&apos;, java.version: &apos;18.0.1.1&apos;
Driver info: driver.version: EdgeDriver
remote stacktrace: Backtrace:
	Microsoft::Applications::Events::EventProperties::SetProperty [0x00007FF6EA252352+17554]
	Microsoft::Applications::Events::EventProperty::EventProperty [0x00007FF6EA1EECA2+1438690]
	Ordinal0 [0x00007FF6E9E19345+627525]
	Ordinal0 [0x00007FF6E9E473D4+816084]
	Ordinal0 [0x00007FF6E9E428B3+796851]
	Ordinal0 [0x00007FF6E9E3D9F0+776688]
	Ordinal0 [0x00007FF6E9E7969F+1021599]
	Ordinal0 [0x00007FF6E9E73A43+997955]
	Ordinal0 [0x00007FF6E9E494C0+824512]
	Ordinal0 [0x00007FF6E9E4A9F8+829944]
	Microsoft::Applications::Events::EventProperty::EventProperty [0x00007FF6EA0B0588+134344]
	Microsoft::Applications::Events::EventProperty::EventProperty [0x00007FF6EA099EB5+42485]
	Microsoft::Applications::Events::EventProperty::EventProperty [0x00007FF6EA09CF9C+55004]
	Ordinal0 [0x00007FF6E9F02E94+1584788]
	Microsoft::Applications::Events::EventProperty::EventProperty [0x00007FF6EA1F43EB+1461035]
	Microsoft::Applications::Events::EventProperty::EventProperty [0x00007FF6EA1F83B4+1477364]
	Microsoft::Applications::Events::EventProperty::EventProperty [0x00007FF6EA1F850D+1477709]
	Microsoft::Applications::Events::EventProperty::EventProperty [0x00007FF6EA2004D9+1510425]
	BaseThreadInitThunk [0x00007FFD5AFE7034+20]
	RtlUserThreadStart [0x00007FFD5BCA26A1+33]

	at org.openqa.selenium.remote.W3CHandshakeResponse.lambda$errorHandler$0(W3CHandshakeResponse.java:62)
	at org.openqa.selenium.remote.HandshakeResponse.lambda$getResponseFunction$0(HandshakeResponse.java:30)
	at org.openqa.selenium.remote.ProtocolHandshake.lambda$createSession$0(ProtocolHandshake.java:126)
	at java.base/java.util.stream.ReferencePipeline$3$1.accept(ReferencePipeline.java:197)
	at java.base/java.util.Spliterators$ArraySpliterator.tryAdvance(Spliterators.java:1002)
	at java.base/java.util.stream.ReferencePipeline.forEachWithCancel(ReferencePipeline.java:129)
	at java.base/java.util.stream.AbstractPipeline.copyIntoWithCancel(AbstractPipeline.java:527)
	at java.base/java.util.stream.AbstractPipeline.copyInto(AbstractPipeline.java:513)
	at java.base/java.util.stream.AbstractPipeline.wrapAndCopyInto(AbstractPipeline.java:499)
	at java.base/java.util.stream.FindOps$FindOp.evaluateSequential(FindOps.java:150)
	at java.base/java.util.stream.AbstractPipeline.evaluate(AbstractPipeline.java:234)
	at java.base/java.util.stream.ReferencePipeline.findFirst(ReferencePipeline.java:647)
	at org.openqa.selenium.remote.ProtocolHandshake.createSession(ProtocolHandshake.java:128)
	at org.openqa.selenium.remote.ProtocolHandshake.createSession(ProtocolHandshake.java:74)
	at org.openqa.selenium.remote.HttpCommandExecutor.execute(HttpCommandExecutor.java:136)
	at org.openqa.selenium.remote.service.DriverCommandExecutor.execute(DriverCommandExecutor.java:83)
	at org.openqa.selenium.remote.RemoteWebDriver.execute(RemoteWebDriver.java:552)
	at org.openqa.selenium.remote.RemoteWebDriver.startSession(RemoteWebDriver.java:213)
	at org.openqa.selenium.remote.RemoteWebDriver.&lt;init&gt;(RemoteWebDriver.java:131)
	at org.openqa.selenium.edge.EdgeDriver.&lt;init&gt;(EdgeDriver.java:141)
	at org.openqa.selenium.edge.EdgeDriver.&lt;init&gt;(EdgeDriver.java:96)
	at setup.Base.openMSEdgeBrowser(Base.java:21)
	at testclasses.VerifySSC_CGL_TestSeriesFunctionality.browserLaunch(VerifySSC_CGL_TestSeriesFunctionality.java:42)
... Removed 25 stack frames</pre></div><a href='#' onClick='toggleBox("stack-trace1442535789", this, "Click to show all stack frames", "Click to hide stack frames")'>Click to show all stack frames</a>
<div class='stack-trace' id='stack-trace1442535789'><pre>org.openqa.selenium.SessionNotCreatedException: session not created: This version of Microsoft Edge WebDriver only supports Microsoft Edge version 105
Current browser version is 107.0.1418.26 with binary path C:\Program Files (x86)\Microsoft\Edge\Application\msedge.exe
Build info: version: &apos;3.141.59&apos;, revision: &apos;e82be7d358&apos;, time: &apos;2018-11-14T08:17:03&apos;
System info: host: &apos;LAPTOP-9FGT47P4&apos;, ip: &apos;192.168.43.209&apos;, os.name: &apos;Windows 10&apos;, os.arch: &apos;amd64&apos;, os.version: &apos;10.0&apos;, java.version: &apos;18.0.1.1&apos;
Driver info: driver.version: EdgeDriver
remote stacktrace: Backtrace:
	Microsoft::Applications::Events::EventProperties::SetProperty [0x00007FF6EA252352+17554]
	Microsoft::Applications::Events::EventProperty::EventProperty [0x00007FF6EA1EECA2+1438690]
	Ordinal0 [0x00007FF6E9E19345+627525]
	Ordinal0 [0x00007FF6E9E473D4+816084]
	Ordinal0 [0x00007FF6E9E428B3+796851]
	Ordinal0 [0x00007FF6E9E3D9F0+776688]
	Ordinal0 [0x00007FF6E9E7969F+1021599]
	Ordinal0 [0x00007FF6E9E73A43+997955]
	Ordinal0 [0x00007FF6E9E494C0+824512]
	Ordinal0 [0x00007FF6E9E4A9F8+829944]
	Microsoft::Applications::Events::EventProperty::EventProperty [0x00007FF6EA0B0588+134344]
	Microsoft::Applications::Events::EventProperty::EventProperty [0x00007FF6EA099EB5+42485]
	Microsoft::Applications::Events::EventProperty::EventProperty [0x00007FF6EA09CF9C+55004]
	Ordinal0 [0x00007FF6E9F02E94+1584788]
	Microsoft::Applications::Events::EventProperty::EventProperty [0x00007FF6EA1F43EB+1461035]
	Microsoft::Applications::Events::EventProperty::EventProperty [0x00007FF6EA1F83B4+1477364]
	Microsoft::Applications::Events::EventProperty::EventProperty [0x00007FF6EA1F850D+1477709]
	Microsoft::Applications::Events::EventProperty::EventProperty [0x00007FF6EA2004D9+1510425]
	BaseThreadInitThunk [0x00007FFD5AFE7034+20]
	RtlUserThreadStart [0x00007FFD5BCA26A1+33]

	at java.base/jdk.internal.reflect.DirectConstructorHandleAccessor.newInstance(DirectConstructorHandleAccessor.java:67)
	at java.base/java.lang.reflect.Constructor.newInstanceWithCaller(Constructor.java:499)
	at java.base/java.lang.reflect.Constructor.newInstance(Constructor.java:483)
	at org.openqa.selenium.remote.W3CHandshakeResponse.lambda$errorHandler$0(W3CHandshakeResponse.java:62)
	at org.openqa.selenium.remote.HandshakeResponse.lambda$getResponseFunction$0(HandshakeResponse.java:30)
	at org.openqa.selenium.remote.ProtocolHandshake.lambda$createSession$0(ProtocolHandshake.java:126)
	at java.base/java.util.stream.ReferencePipeline$3$1.accept(ReferencePipeline.java:197)
	at java.base/java.util.Spliterators$ArraySpliterator.tryAdvance(Spliterators.java:1002)
	at java.base/java.util.stream.ReferencePipeline.forEachWithCancel(ReferencePipeline.java:129)
	at java.base/java.util.stream.AbstractPipeline.copyIntoWithCancel(AbstractPipeline.java:527)
	at java.base/java.util.stream.AbstractPipeline.copyInto(AbstractPipeline.java:513)
	at java.base/java.util.stream.AbstractPipeline.wrapAndCopyInto(AbstractPipeline.java:499)
	at java.base/java.util.stream.FindOps$FindOp.evaluateSequential(FindOps.java:150)
	at java.base/java.util.stream.AbstractPipeline.evaluate(AbstractPipeline.java:234)
	at java.base/java.util.stream.ReferencePipeline.findFirst(ReferencePipeline.java:647)
	at org.openqa.selenium.remote.ProtocolHandshake.createSession(ProtocolHandshake.java:128)
	at org.openqa.selenium.remote.ProtocolHandshake.createSession(ProtocolHandshake.java:74)
	at org.openqa.selenium.remote.HttpCommandExecutor.execute(HttpCommandExecutor.java:136)
	at org.openqa.selenium.remote.service.DriverCommandExecutor.execute(DriverCommandExecutor.java:83)
	at org.openqa.selenium.remote.RemoteWebDriver.execute(RemoteWebDriver.java:552)
	at org.openqa.selenium.remote.RemoteWebDriver.startSession(RemoteWebDriver.java:213)
	at org.openqa.selenium.remote.RemoteWebDriver.&lt;init&gt;(RemoteWebDriver.java:131)
	at org.openqa.selenium.edge.EdgeDriver.&lt;init&gt;(EdgeDriver.java:141)
	at org.openqa.selenium.edge.EdgeDriver.&lt;init&gt;(EdgeDriver.java:96)
	at setup.Base.openMSEdgeBrowser(Base.java:21)
	at testclasses.VerifySSC_CGL_TestSeriesFunctionality.browserLaunch(VerifySSC_CGL_TestSeriesFunctionality.java:42)
	at java.base/jdk.internal.reflect.DirectMethodHandleAccessor.invoke(DirectMethodHandleAccessor.java:104)
	at java.base/java.lang.reflect.Method.invoke(Method.java:577)
	at org.testng.internal.MethodInvocationHelper.invokeMethod(MethodInvocationHelper.java:133)
	at org.testng.internal.MethodInvocationHelper.invokeMethodConsideringTimeout(MethodInvocationHelper.java:62)
	at org.testng.internal.ConfigInvoker.invokeConfigurationMethod(ConfigInvoker.java:385)
	at org.testng.internal.ConfigInvoker.invokeConfigurations(ConfigInvoker.java:321)
	at org.testng.TestRunner.invokeTestConfigurations(TestRunner.java:637)
	at org.testng.TestRunner.beforeRun(TestRunner.java:627)
	at org.testng.TestRunner.run(TestRunner.java:589)
	at org.testng.SuiteRunner.runTest(SuiteRunner.java:377)
	at org.testng.SuiteRunner.runSequentially(SuiteRunner.java:371)
	at org.testng.SuiteRunner.privateRun(SuiteRunner.java:332)
	at org.testng.SuiteRunner.run(SuiteRunner.java:276)
	at org.testng.SuiteRunnerWorker.runSuite(SuiteRunnerWorker.java:53)
	at org.testng.SuiteRunnerWorker.run(SuiteRunnerWorker.java:96)
	at org.testng.TestNG.runSuitesSequentially(TestNG.java:1212)
	at org.testng.TestNG.runSuitesLocally(TestNG.java:1134)
	at org.testng.TestNG.runSuites(TestNG.java:1063)
	at org.testng.TestNG.run(TestNG.java:1031)
	at org.testng.remote.AbstractRemoteTestNG.run(AbstractRemoteTestNG.java:115)
	at org.testng.remote.RemoteTestNG.initAndRun(RemoteTestNG.java:251)
	at org.testng.remote.RemoteTestNG.main(RemoteTestNG.java:77)
</pre></div></td>
<td>0</td>
<td>testclasses.VerifySubCategoryLinksOnSSC_CGL_CoursePage_testNG@1283bb96</td></tr>
<tr>
<td title='testclasses.VerifySubCategoryLinksOnSSC_CGL_CoursePage_testNG.Verify_SSC_CGL_ebooksButton()'><b>Verify_SSC_CGL_ebooksButton</b><br>Test class: testclasses.VerifySubCategoryLinksOnSSC_CGL_CoursePage_testNG</td>
<td><div><pre>java.lang.Throwable: Method VerifySubCategoryLinksOnSSC_CGL_CoursePage_testNG.Verify_SSC_CGL_ebooksButton()[pri:3, instance:testclasses.VerifySubCategoryLinksOnSSC_CGL_CoursePage_testNG@1283bb96] depends on not successfully finished methods
	at java.base/java.util.concurrent.ThreadPoolExecutor.runWorker(ThreadPoolExecutor.java:1136)
	at java.base/java.util.concurrent.ThreadPoolExecutor$Worker.run(ThreadPoolExecutor.java:635)
	at java.base/java.lang.Thread.run(Thread.java:833)
... Removed 3 stack frames</pre></div><a href='#' onClick='toggleBox("stack-trace2141906397", this, "Click to show all stack frames", "Click to hide stack frames")'>Click to show all stack frames</a>
<div class='stack-trace' id='stack-trace2141906397'><pre>java.lang.Throwable: Method VerifySubCategoryLinksOnSSC_CGL_CoursePage_testNG.Verify_SSC_CGL_ebooksButton()[pri:3, instance:testclasses.VerifySubCategoryLinksOnSSC_CGL_CoursePage_testNG@1283bb96] depends on not successfully finished methods
	at org.testng.internal.TestInvoker.invokeTestMethods(TestInvoker.java:102)
	at org.testng.internal.TestMethodWorker.invokeTestMethods(TestMethodWorker.java:146)
	at org.testng.internal.TestMethodWorker.run(TestMethodWorker.java:128)
	at java.base/java.util.concurrent.ThreadPoolExecutor.runWorker(ThreadPoolExecutor.java:1136)
	at java.base/java.util.concurrent.ThreadPoolExecutor$Worker.run(ThreadPoolExecutor.java:635)
	at java.base/java.lang.Thread.run(Thread.java:833)
</pre></div></td>
<td>0</td>
<td>testclasses.VerifySubCategoryLinksOnSSC_CGL_CoursePage_testNG@1283bb96</td></tr>
<tr>
<td title='testclasses.VerifySSC_CGL_TestSeriesFunctionality.VerifyUserAbleToBuySSC_CGL_MockTestSeriesPack()'><b>VerifyUserAbleToBuySSC_CGL_MockTestSeriesPack</b><br>Test class: testclasses.VerifySSC_CGL_TestSeriesFunctionality</td>
<td><div><pre>org.openqa.selenium.SessionNotCreatedException: session not created: This version of Microsoft Edge WebDriver only supports Microsoft Edge version 105
Current browser version is 107.0.1418.26 with binary path C:\Program Files (x86)\Microsoft\Edge\Application\msedge.exe
Build info: version: &apos;3.141.59&apos;, revision: &apos;e82be7d358&apos;, time: &apos;2018-11-14T08:17:03&apos;
System info: host: &apos;LAPTOP-9FGT47P4&apos;, ip: &apos;192.168.43.209&apos;, os.name: &apos;Windows 10&apos;, os.arch: &apos;amd64&apos;, os.version: &apos;10.0&apos;, java.version: &apos;18.0.1.1&apos;
Driver info: driver.version: EdgeDriver
remote stacktrace: Backtrace:
	Microsoft::Applications::Events::EventProperties::SetProperty [0x00007FF6EA252352+17554]
	Microsoft::Applications::Events::EventProperty::EventProperty [0x00007FF6EA1EECA2+1438690]
	Ordinal0 [0x00007FF6E9E19345+627525]
	Ordinal0 [0x00007FF6E9E473D4+816084]
	Ordinal0 [0x00007FF6E9E428B3+796851]
	Ordinal0 [0x00007FF6E9E3D9F0+776688]
	Ordinal0 [0x00007FF6E9E7969F+1021599]
	Ordinal0 [0x00007FF6E9E73A43+997955]
	Ordinal0 [0x00007FF6E9E494C0+824512]
	Ordinal0 [0x00007FF6E9E4A9F8+829944]
	Microsoft::Applications::Events::EventProperty::EventProperty [0x00007FF6EA0B0588+134344]
	Microsoft::Applications::Events::EventProperty::EventProperty [0x00007FF6EA099EB5+42485]
	Microsoft::Applications::Events::EventProperty::EventProperty [0x00007FF6EA09CF9C+55004]
	Ordinal0 [0x00007FF6E9F02E94+1584788]
	Microsoft::Applications::Events::EventProperty::EventProperty [0x00007FF6EA1F43EB+1461035]
	Microsoft::Applications::Events::EventProperty::EventProperty [0x00007FF6EA1F83B4+1477364]
	Microsoft::Applications::Events::EventProperty::EventProperty [0x00007FF6EA1F850D+1477709]
	Microsoft::Applications::Events::EventProperty::EventProperty [0x00007FF6EA2004D9+1510425]
	BaseThreadInitThunk [0x00007FFD5AFE7034+20]
	RtlUserThreadStart [0x00007FFD5BCA26A1+33]

	at org.openqa.selenium.remote.W3CHandshakeResponse.lambda$errorHandler$0(W3CHandshakeResponse.java:62)
	at org.openqa.selenium.remote.HandshakeResponse.lambda$getResponseFunction$0(HandshakeResponse.java:30)
	at org.openqa.selenium.remote.ProtocolHandshake.lambda$createSession$0(ProtocolHandshake.java:126)
	at java.base/java.util.stream.ReferencePipeline$3$1.accept(ReferencePipeline.java:197)
	at java.base/java.util.Spliterators$ArraySpliterator.tryAdvance(Spliterators.java:1002)
	at java.base/java.util.stream.ReferencePipeline.forEachWithCancel(ReferencePipeline.java:129)
	at java.base/java.util.stream.AbstractPipeline.copyIntoWithCancel(AbstractPipeline.java:527)
	at java.base/java.util.stream.AbstractPipeline.copyInto(AbstractPipeline.java:513)
	at java.base/java.util.stream.AbstractPipeline.wrapAndCopyInto(AbstractPipeline.java:499)
	at java.base/java.util.stream.FindOps$FindOp.evaluateSequential(FindOps.java:150)
	at java.base/java.util.stream.AbstractPipeline.evaluate(AbstractPipeline.java:234)
	at java.base/java.util.stream.ReferencePipeline.findFirst(ReferencePipeline.java:647)
	at org.openqa.selenium.remote.ProtocolHandshake.createSession(ProtocolHandshake.java:128)
	at org.openqa.selenium.remote.ProtocolHandshake.createSession(ProtocolHandshake.java:74)
	at org.openqa.selenium.remote.HttpCommandExecutor.execute(HttpCommandExecutor.java:136)
	at org.openqa.selenium.remote.service.DriverCommandExecutor.execute(DriverCommandExecutor.java:83)
	at org.openqa.selenium.remote.RemoteWebDriver.execute(RemoteWebDriver.java:552)
	at org.openqa.selenium.remote.RemoteWebDriver.startSession(RemoteWebDriver.java:213)
	at org.openqa.selenium.remote.RemoteWebDriver.&lt;init&gt;(RemoteWebDriver.java:131)
	at org.openqa.selenium.edge.EdgeDriver.&lt;init&gt;(EdgeDriver.java:141)
	at org.openqa.selenium.edge.EdgeDriver.&lt;init&gt;(EdgeDriver.java:96)
	at setup.Base.openMSEdgeBrowser(Base.java:21)
	at testclasses.VerifySSC_CGL_TestSeriesFunctionality.browserLaunch(VerifySSC_CGL_TestSeriesFunctionality.java:42)
... Removed 25 stack frames</pre></div><a href='#' onClick='toggleBox("stack-trace824353243", this, "Click to show all stack frames", "Click to hide stack frames")'>Click to show all stack frames</a>
<div class='stack-trace' id='stack-trace824353243'><pre>org.openqa.selenium.SessionNotCreatedException: session not created: This version of Microsoft Edge WebDriver only supports Microsoft Edge version 105
Current browser version is 107.0.1418.26 with binary path C:\Program Files (x86)\Microsoft\Edge\Application\msedge.exe
Build info: version: &apos;3.141.59&apos;, revision: &apos;e82be7d358&apos;, time: &apos;2018-11-14T08:17:03&apos;
System info: host: &apos;LAPTOP-9FGT47P4&apos;, ip: &apos;192.168.43.209&apos;, os.name: &apos;Windows 10&apos;, os.arch: &apos;amd64&apos;, os.version: &apos;10.0&apos;, java.version: &apos;18.0.1.1&apos;
Driver info: driver.version: EdgeDriver
remote stacktrace: Backtrace:
	Microsoft::Applications::Events::EventProperties::SetProperty [0x00007FF6EA252352+17554]
	Microsoft::Applications::Events::EventProperty::EventProperty [0x00007FF6EA1EECA2+1438690]
	Ordinal0 [0x00007FF6E9E19345+627525]
	Ordinal0 [0x00007FF6E9E473D4+816084]
	Ordinal0 [0x00007FF6E9E428B3+796851]
	Ordinal0 [0x00007FF6E9E3D9F0+776688]
	Ordinal0 [0x00007FF6E9E7969F+1021599]
	Ordinal0 [0x00007FF6E9E73A43+997955]
	Ordinal0 [0x00007FF6E9E494C0+824512]
	Ordinal0 [0x00007FF6E9E4A9F8+829944]
	Microsoft::Applications::Events::EventProperty::EventProperty [0x00007FF6EA0B0588+134344]
	Microsoft::Applications::Events::EventProperty::EventProperty [0x00007FF6EA099EB5+42485]
	Microsoft::Applications::Events::EventProperty::EventProperty [0x00007FF6EA09CF9C+55004]
	Ordinal0 [0x00007FF6E9F02E94+1584788]
	Microsoft::Applications::Events::EventProperty::EventProperty [0x00007FF6EA1F43EB+1461035]
	Microsoft::Applications::Events::EventProperty::EventProperty [0x00007FF6EA1F83B4+1477364]
	Microsoft::Applications::Events::EventProperty::EventProperty [0x00007FF6EA1F850D+1477709]
	Microsoft::Applications::Events::EventProperty::EventProperty [0x00007FF6EA2004D9+1510425]
	BaseThreadInitThunk [0x00007FFD5AFE7034+20]
	RtlUserThreadStart [0x00007FFD5BCA26A1+33]

	at java.base/jdk.internal.reflect.DirectConstructorHandleAccessor.newInstance(DirectConstructorHandleAccessor.java:67)
	at java.base/java.lang.reflect.Constructor.newInstanceWithCaller(Constructor.java:499)
	at java.base/java.lang.reflect.Constructor.newInstance(Constructor.java:483)
	at org.openqa.selenium.remote.W3CHandshakeResponse.lambda$errorHandler$0(W3CHandshakeResponse.java:62)
	at org.openqa.selenium.remote.HandshakeResponse.lambda$getResponseFunction$0(HandshakeResponse.java:30)
	at org.openqa.selenium.remote.ProtocolHandshake.lambda$createSession$0(ProtocolHandshake.java:126)
	at java.base/java.util.stream.ReferencePipeline$3$1.accept(ReferencePipeline.java:197)
	at java.base/java.util.Spliterators$ArraySpliterator.tryAdvance(Spliterators.java:1002)
	at java.base/java.util.stream.ReferencePipeline.forEachWithCancel(ReferencePipeline.java:129)
	at java.base/java.util.stream.AbstractPipeline.copyIntoWithCancel(AbstractPipeline.java:527)
	at java.base/java.util.stream.AbstractPipeline.copyInto(AbstractPipeline.java:513)
	at java.base/java.util.stream.AbstractPipeline.wrapAndCopyInto(AbstractPipeline.java:499)
	at java.base/java.util.stream.FindOps$FindOp.evaluateSequential(FindOps.java:150)
	at java.base/java.util.stream.AbstractPipeline.evaluate(AbstractPipeline.java:234)
	at java.base/java.util.stream.ReferencePipeline.findFirst(ReferencePipeline.java:647)
	at org.openqa.selenium.remote.ProtocolHandshake.createSession(ProtocolHandshake.java:128)
	at org.openqa.selenium.remote.ProtocolHandshake.createSession(ProtocolHandshake.java:74)
	at org.openqa.selenium.remote.HttpCommandExecutor.execute(HttpCommandExecutor.java:136)
	at org.openqa.selenium.remote.service.DriverCommandExecutor.execute(DriverCommandExecutor.java:83)
	at org.openqa.selenium.remote.RemoteWebDriver.execute(RemoteWebDriver.java:552)
	at org.openqa.selenium.remote.RemoteWebDriver.startSession(RemoteWebDriver.java:213)
	at org.openqa.selenium.remote.RemoteWebDriver.&lt;init&gt;(RemoteWebDriver.java:131)
	at org.openqa.selenium.edge.EdgeDriver.&lt;init&gt;(EdgeDriver.java:141)
	at org.openqa.selenium.edge.EdgeDriver.&lt;init&gt;(EdgeDriver.java:96)
	at setup.Base.openMSEdgeBrowser(Base.java:21)
	at testclasses.VerifySSC_CGL_TestSeriesFunctionality.browserLaunch(VerifySSC_CGL_TestSeriesFunctionality.java:42)
	at java.base/jdk.internal.reflect.DirectMethodHandleAccessor.invoke(DirectMethodHandleAccessor.java:104)
	at java.base/java.lang.reflect.Method.invoke(Method.java:577)
	at org.testng.internal.MethodInvocationHelper.invokeMethod(MethodInvocationHelper.java:133)
	at org.testng.internal.MethodInvocationHelper.invokeMethodConsideringTimeout(MethodInvocationHelper.java:62)
	at org.testng.internal.ConfigInvoker.invokeConfigurationMethod(ConfigInvoker.java:385)
	at org.testng.internal.ConfigInvoker.invokeConfigurations(ConfigInvoker.java:321)
	at org.testng.TestRunner.invokeTestConfigurations(TestRunner.java:637)
	at org.testng.TestRunner.beforeRun(TestRunner.java:627)
	at org.testng.TestRunner.run(TestRunner.java:589)
	at org.testng.SuiteRunner.runTest(SuiteRunner.java:377)
	at org.testng.SuiteRunner.runSequentially(SuiteRunner.java:371)
	at org.testng.SuiteRunner.privateRun(SuiteRunner.java:332)
	at org.testng.SuiteRunner.run(SuiteRunner.java:276)
	at org.testng.SuiteRunnerWorker.runSuite(SuiteRunnerWorker.java:53)
	at org.testng.SuiteRunnerWorker.run(SuiteRunnerWorker.java:96)
	at org.testng.TestNG.runSuitesSequentially(TestNG.java:1212)
	at org.testng.TestNG.runSuitesLocally(TestNG.java:1134)
	at org.testng.TestNG.runSuites(TestNG.java:1063)
	at org.testng.TestNG.run(TestNG.java:1031)
	at org.testng.remote.AbstractRemoteTestNG.run(AbstractRemoteTestNG.java:115)
	at org.testng.remote.RemoteTestNG.initAndRun(RemoteTestNG.java:251)
	at org.testng.remote.RemoteTestNG.main(RemoteTestNG.java:77)
</pre></div></td>
<td>0</td>
<td>testclasses.VerifySSC_CGL_TestSeriesFunctionality@6aeb35e6</td></tr>
<tr>
<td title='testclasses.VerifySubCategoryLinksOnSSC_CGL_CoursePage_testNG.Verify_SSC_CGL_VideoCoursesButton()'><b>Verify_SSC_CGL_VideoCoursesButton</b><br>Test class: testclasses.VerifySubCategoryLinksOnSSC_CGL_CoursePage_testNG</td>
<td><div><pre>org.openqa.selenium.SessionNotCreatedException: session not created: This version of Microsoft Edge WebDriver only supports Microsoft Edge version 105
Current browser version is 107.0.1418.26 with binary path C:\Program Files (x86)\Microsoft\Edge\Application\msedge.exe
Build info: version: &apos;3.141.59&apos;, revision: &apos;e82be7d358&apos;, time: &apos;2018-11-14T08:17:03&apos;
System info: host: &apos;LAPTOP-9FGT47P4&apos;, ip: &apos;192.168.43.209&apos;, os.name: &apos;Windows 10&apos;, os.arch: &apos;amd64&apos;, os.version: &apos;10.0&apos;, java.version: &apos;18.0.1.1&apos;
Driver info: driver.version: EdgeDriver
remote stacktrace: Backtrace:
	Microsoft::Applications::Events::EventProperties::SetProperty [0x00007FF6EA252352+17554]
	Microsoft::Applications::Events::EventProperty::EventProperty [0x00007FF6EA1EECA2+1438690]
	Ordinal0 [0x00007FF6E9E19345+627525]
	Ordinal0 [0x00007FF6E9E473D4+816084]
	Ordinal0 [0x00007FF6E9E428B3+796851]
	Ordinal0 [0x00007FF6E9E3D9F0+776688]
	Ordinal0 [0x00007FF6E9E7969F+1021599]
	Ordinal0 [0x00007FF6E9E73A43+997955]
	Ordinal0 [0x00007FF6E9E494C0+824512]
	Ordinal0 [0x00007FF6E9E4A9F8+829944]
	Microsoft::Applications::Events::EventProperty::EventProperty [0x00007FF6EA0B0588+134344]
	Microsoft::Applications::Events::EventProperty::EventProperty [0x00007FF6EA099EB5+42485]
	Microsoft::Applications::Events::EventProperty::EventProperty [0x00007FF6EA09CF9C+55004]
	Ordinal0 [0x00007FF6E9F02E94+1584788]
	Microsoft::Applications::Events::EventProperty::EventProperty [0x00007FF6EA1F43EB+1461035]
	Microsoft::Applications::Events::EventProperty::EventProperty [0x00007FF6EA1F83B4+1477364]
	Microsoft::Applications::Events::EventProperty::EventProperty [0x00007FF6EA1F850D+1477709]
	Microsoft::Applications::Events::EventProperty::EventProperty [0x00007FF6EA2004D9+1510425]
	BaseThreadInitThunk [0x00007FFD5AFE7034+20]
	RtlUserThreadStart [0x00007FFD5BCA26A1+33]

	at org.openqa.selenium.remote.W3CHandshakeResponse.lambda$errorHandler$0(W3CHandshakeResponse.java:62)
	at org.openqa.selenium.remote.HandshakeResponse.lambda$getResponseFunction$0(HandshakeResponse.java:30)
	at org.openqa.selenium.remote.ProtocolHandshake.lambda$createSession$0(ProtocolHandshake.java:126)
	at java.base/java.util.stream.ReferencePipeline$3$1.accept(ReferencePipeline.java:197)
	at java.base/java.util.Spliterators$ArraySpliterator.tryAdvance(Spliterators.java:1002)
	at java.base/java.util.stream.ReferencePipeline.forEachWithCancel(ReferencePipeline.java:129)
	at java.base/java.util.stream.AbstractPipeline.copyIntoWithCancel(AbstractPipeline.java:527)
	at java.base/java.util.stream.AbstractPipeline.copyInto(AbstractPipeline.java:513)
	at java.base/java.util.stream.AbstractPipeline.wrapAndCopyInto(AbstractPipeline.java:499)
	at java.base/java.util.stream.FindOps$FindOp.evaluateSequential(FindOps.java:150)
	at java.base/java.util.stream.AbstractPipeline.evaluate(AbstractPipeline.java:234)
	at java.base/java.util.stream.ReferencePipeline.findFirst(ReferencePipeline.java:647)
	at org.openqa.selenium.remote.ProtocolHandshake.createSession(ProtocolHandshake.java:128)
	at org.openqa.selenium.remote.ProtocolHandshake.createSession(ProtocolHandshake.java:74)
	at org.openqa.selenium.remote.HttpCommandExecutor.execute(HttpCommandExecutor.java:136)
	at org.openqa.selenium.remote.service.DriverCommandExecutor.execute(DriverCommandExecutor.java:83)
	at org.openqa.selenium.remote.RemoteWebDriver.execute(RemoteWebDriver.java:552)
	at org.openqa.selenium.remote.RemoteWebDriver.startSession(RemoteWebDriver.java:213)
	at org.openqa.selenium.remote.RemoteWebDriver.&lt;init&gt;(RemoteWebDriver.java:131)
	at org.openqa.selenium.edge.EdgeDriver.&lt;init&gt;(EdgeDriver.java:141)
	at org.openqa.selenium.edge.EdgeDriver.&lt;init&gt;(EdgeDriver.java:96)
	at setup.Base.openMSEdgeBrowser(Base.java:21)
	at testclasses.VerifySSC_CGL_TestSeriesFunctionality.browserLaunch(VerifySSC_CGL_TestSeriesFunctionality.java:42)
... Removed 25 stack frames</pre></div><a href='#' onClick='toggleBox("stack-trace1724224462", this, "Click to show all stack frames", "Click to hide stack frames")'>Click to show all stack frames</a>
<div class='stack-trace' id='stack-trace1724224462'><pre>org.openqa.selenium.SessionNotCreatedException: session not created: This version of Microsoft Edge WebDriver only supports Microsoft Edge version 105
Current browser version is 107.0.1418.26 with binary path C:\Program Files (x86)\Microsoft\Edge\Application\msedge.exe
Build info: version: &apos;3.141.59&apos;, revision: &apos;e82be7d358&apos;, time: &apos;2018-11-14T08:17:03&apos;
System info: host: &apos;LAPTOP-9FGT47P4&apos;, ip: &apos;192.168.43.209&apos;, os.name: &apos;Windows 10&apos;, os.arch: &apos;amd64&apos;, os.version: &apos;10.0&apos;, java.version: &apos;18.0.1.1&apos;
Driver info: driver.version: EdgeDriver
remote stacktrace: Backtrace:
	Microsoft::Applications::Events::EventProperties::SetProperty [0x00007FF6EA252352+17554]
	Microsoft::Applications::Events::EventProperty::EventProperty [0x00007FF6EA1EECA2+1438690]
	Ordinal0 [0x00007FF6E9E19345+627525]
	Ordinal0 [0x00007FF6E9E473D4+816084]
	Ordinal0 [0x00007FF6E9E428B3+796851]
	Ordinal0 [0x00007FF6E9E3D9F0+776688]
	Ordinal0 [0x00007FF6E9E7969F+1021599]
	Ordinal0 [0x00007FF6E9E73A43+997955]
	Ordinal0 [0x00007FF6E9E494C0+824512]
	Ordinal0 [0x00007FF6E9E4A9F8+829944]
	Microsoft::Applications::Events::EventProperty::EventProperty [0x00007FF6EA0B0588+134344]
	Microsoft::Applications::Events::EventProperty::EventProperty [0x00007FF6EA099EB5+42485]
	Microsoft::Applications::Events::EventProperty::EventProperty [0x00007FF6EA09CF9C+55004]
	Ordinal0 [0x00007FF6E9F02E94+1584788]
	Microsoft::Applications::Events::EventProperty::EventProperty [0x00007FF6EA1F43EB+1461035]
	Microsoft::Applications::Events::EventProperty::EventProperty [0x00007FF6EA1F83B4+1477364]
	Microsoft::Applications::Events::EventProperty::EventProperty [0x00007FF6EA1F850D+1477709]
	Microsoft::Applications::Events::EventProperty::EventProperty [0x00007FF6EA2004D9+1510425]
	BaseThreadInitThunk [0x00007FFD5AFE7034+20]
	RtlUserThreadStart [0x00007FFD5BCA26A1+33]

	at java.base/jdk.internal.reflect.DirectConstructorHandleAccessor.newInstance(DirectConstructorHandleAccessor.java:67)
	at java.base/java.lang.reflect.Constructor.newInstanceWithCaller(Constructor.java:499)
	at java.base/java.lang.reflect.Constructor.newInstance(Constructor.java:483)
	at org.openqa.selenium.remote.W3CHandshakeResponse.lambda$errorHandler$0(W3CHandshakeResponse.java:62)
	at org.openqa.selenium.remote.HandshakeResponse.lambda$getResponseFunction$0(HandshakeResponse.java:30)
	at org.openqa.selenium.remote.ProtocolHandshake.lambda$createSession$0(ProtocolHandshake.java:126)
	at java.base/java.util.stream.ReferencePipeline$3$1.accept(ReferencePipeline.java:197)
	at java.base/java.util.Spliterators$ArraySpliterator.tryAdvance(Spliterators.java:1002)
	at java.base/java.util.stream.ReferencePipeline.forEachWithCancel(ReferencePipeline.java:129)
	at java.base/java.util.stream.AbstractPipeline.copyIntoWithCancel(AbstractPipeline.java:527)
	at java.base/java.util.stream.AbstractPipeline.copyInto(AbstractPipeline.java:513)
	at java.base/java.util.stream.AbstractPipeline.wrapAndCopyInto(AbstractPipeline.java:499)
	at java.base/java.util.stream.FindOps$FindOp.evaluateSequential(FindOps.java:150)
	at java.base/java.util.stream.AbstractPipeline.evaluate(AbstractPipeline.java:234)
	at java.base/java.util.stream.ReferencePipeline.findFirst(ReferencePipeline.java:647)
	at org.openqa.selenium.remote.ProtocolHandshake.createSession(ProtocolHandshake.java:128)
	at org.openqa.selenium.remote.ProtocolHandshake.createSession(ProtocolHandshake.java:74)
	at org.openqa.selenium.remote.HttpCommandExecutor.execute(HttpCommandExecutor.java:136)
	at org.openqa.selenium.remote.service.DriverCommandExecutor.execute(DriverCommandExecutor.java:83)
	at org.openqa.selenium.remote.RemoteWebDriver.execute(RemoteWebDriver.java:552)
	at org.openqa.selenium.remote.RemoteWebDriver.startSession(RemoteWebDriver.java:213)
	at org.openqa.selenium.remote.RemoteWebDriver.&lt;init&gt;(RemoteWebDriver.java:131)
	at org.openqa.selenium.edge.EdgeDriver.&lt;init&gt;(EdgeDriver.java:141)
	at org.openqa.selenium.edge.EdgeDriver.&lt;init&gt;(EdgeDriver.java:96)
	at setup.Base.openMSEdgeBrowser(Base.java:21)
	at testclasses.VerifySSC_CGL_TestSeriesFunctionality.browserLaunch(VerifySSC_CGL_TestSeriesFunctionality.java:42)
	at java.base/jdk.internal.reflect.DirectMethodHandleAccessor.invoke(DirectMethodHandleAccessor.java:104)
	at java.base/java.lang.reflect.Method.invoke(Method.java:577)
	at org.testng.internal.MethodInvocationHelper.invokeMethod(MethodInvocationHelper.java:133)
	at org.testng.internal.MethodInvocationHelper.invokeMethodConsideringTimeout(MethodInvocationHelper.java:62)
	at org.testng.internal.ConfigInvoker.invokeConfigurationMethod(ConfigInvoker.java:385)
	at org.testng.internal.ConfigInvoker.invokeConfigurations(ConfigInvoker.java:321)
	at org.testng.TestRunner.invokeTestConfigurations(TestRunner.java:637)
	at org.testng.TestRunner.beforeRun(TestRunner.java:627)
	at org.testng.TestRunner.run(TestRunner.java:589)
	at org.testng.SuiteRunner.runTest(SuiteRunner.java:377)
	at org.testng.SuiteRunner.runSequentially(SuiteRunner.java:371)
	at org.testng.SuiteRunner.privateRun(SuiteRunner.java:332)
	at org.testng.SuiteRunner.run(SuiteRunner.java:276)
	at org.testng.SuiteRunnerWorker.runSuite(SuiteRunnerWorker.java:53)
	at org.testng.SuiteRunnerWorker.run(SuiteRunnerWorker.java:96)
	at org.testng.TestNG.runSuitesSequentially(TestNG.java:1212)
	at org.testng.TestNG.runSuitesLocally(TestNG.java:1134)
	at org.testng.TestNG.runSuites(TestNG.java:1063)
	at org.testng.TestNG.run(TestNG.java:1031)
	at org.testng.remote.AbstractRemoteTestNG.run(AbstractRemoteTestNG.java:115)
	at org.testng.remote.RemoteTestNG.initAndRun(RemoteTestNG.java:251)
	at org.testng.remote.RemoteTestNG.main(RemoteTestNG.java:77)
</pre></div></td>
<td>0</td>
<td>testclasses.VerifySubCategoryLinksOnSSC_CGL_CoursePage_testNG@1283bb96</td></tr>
<tr>
<td title='testclasses.VerifySubCategoryLinksOnSSC_CGL_CoursePage_testNG.Verify_SSC_CGL_BooksButton()'><b>Verify_SSC_CGL_BooksButton</b><br>Test class: testclasses.VerifySubCategoryLinksOnSSC_CGL_CoursePage_testNG</td>
<td><div><pre>org.openqa.selenium.SessionNotCreatedException: session not created: This version of Microsoft Edge WebDriver only supports Microsoft Edge version 105
Current browser version is 107.0.1418.26 with binary path C:\Program Files (x86)\Microsoft\Edge\Application\msedge.exe
Build info: version: &apos;3.141.59&apos;, revision: &apos;e82be7d358&apos;, time: &apos;2018-11-14T08:17:03&apos;
System info: host: &apos;LAPTOP-9FGT47P4&apos;, ip: &apos;192.168.43.209&apos;, os.name: &apos;Windows 10&apos;, os.arch: &apos;amd64&apos;, os.version: &apos;10.0&apos;, java.version: &apos;18.0.1.1&apos;
Driver info: driver.version: EdgeDriver
remote stacktrace: Backtrace:
	Microsoft::Applications::Events::EventProperties::SetProperty [0x00007FF6EA252352+17554]
	Microsoft::Applications::Events::EventProperty::EventProperty [0x00007FF6EA1EECA2+1438690]
	Ordinal0 [0x00007FF6E9E19345+627525]
	Ordinal0 [0x00007FF6E9E473D4+816084]
	Ordinal0 [0x00007FF6E9E428B3+796851]
	Ordinal0 [0x00007FF6E9E3D9F0+776688]
	Ordinal0 [0x00007FF6E9E7969F+1021599]
	Ordinal0 [0x00007FF6E9E73A43+997955]
	Ordinal0 [0x00007FF6E9E494C0+824512]
	Ordinal0 [0x00007FF6E9E4A9F8+829944]
	Microsoft::Applications::Events::EventProperty::EventProperty [0x00007FF6EA0B0588+134344]
	Microsoft::Applications::Events::EventProperty::EventProperty [0x00007FF6EA099EB5+42485]
	Microsoft::Applications::Events::EventProperty::EventProperty [0x00007FF6EA09CF9C+55004]
	Ordinal0 [0x00007FF6E9F02E94+1584788]
	Microsoft::Applications::Events::EventProperty::EventProperty [0x00007FF6EA1F43EB+1461035]
	Microsoft::Applications::Events::EventProperty::EventProperty [0x00007FF6EA1F83B4+1477364]
	Microsoft::Applications::Events::EventProperty::EventProperty [0x00007FF6EA1F850D+1477709]
	Microsoft::Applications::Events::EventProperty::EventProperty [0x00007FF6EA2004D9+1510425]
	BaseThreadInitThunk [0x00007FFD5AFE7034+20]
	RtlUserThreadStart [0x00007FFD5BCA26A1+33]

	at org.openqa.selenium.remote.W3CHandshakeResponse.lambda$errorHandler$0(W3CHandshakeResponse.java:62)
	at org.openqa.selenium.remote.HandshakeResponse.lambda$getResponseFunction$0(HandshakeResponse.java:30)
	at org.openqa.selenium.remote.ProtocolHandshake.lambda$createSession$0(ProtocolHandshake.java:126)
	at java.base/java.util.stream.ReferencePipeline$3$1.accept(ReferencePipeline.java:197)
	at java.base/java.util.Spliterators$ArraySpliterator.tryAdvance(Spliterators.java:1002)
	at java.base/java.util.stream.ReferencePipeline.forEachWithCancel(ReferencePipeline.java:129)
	at java.base/java.util.stream.AbstractPipeline.copyIntoWithCancel(AbstractPipeline.java:527)
	at java.base/java.util.stream.AbstractPipeline.copyInto(AbstractPipeline.java:513)
	at java.base/java.util.stream.AbstractPipeline.wrapAndCopyInto(AbstractPipeline.java:499)
	at java.base/java.util.stream.FindOps$FindOp.evaluateSequential(FindOps.java:150)
	at java.base/java.util.stream.AbstractPipeline.evaluate(AbstractPipeline.java:234)
	at java.base/java.util.stream.ReferencePipeline.findFirst(ReferencePipeline.java:647)
	at org.openqa.selenium.remote.ProtocolHandshake.createSession(ProtocolHandshake.java:128)
	at org.openqa.selenium.remote.ProtocolHandshake.createSession(ProtocolHandshake.java:74)
	at org.openqa.selenium.remote.HttpCommandExecutor.execute(HttpCommandExecutor.java:136)
	at org.openqa.selenium.remote.service.DriverCommandExecutor.execute(DriverCommandExecutor.java:83)
	at org.openqa.selenium.remote.RemoteWebDriver.execute(RemoteWebDriver.java:552)
	at org.openqa.selenium.remote.RemoteWebDriver.startSession(RemoteWebDriver.java:213)
	at org.openqa.selenium.remote.RemoteWebDriver.&lt;init&gt;(RemoteWebDriver.java:131)
	at org.openqa.selenium.edge.EdgeDriver.&lt;init&gt;(EdgeDriver.java:141)
	at org.openqa.selenium.edge.EdgeDriver.&lt;init&gt;(EdgeDriver.java:96)
	at setup.Base.openMSEdgeBrowser(Base.java:21)
	at testclasses.VerifySSC_CGL_TestSeriesFunctionality.browserLaunch(VerifySSC_CGL_TestSeriesFunctionality.java:42)
... Removed 25 stack frames</pre></div><a href='#' onClick='toggleBox("stack-trace627136154", this, "Click to show all stack frames", "Click to hide stack frames")'>Click to show all stack frames</a>
<div class='stack-trace' id='stack-trace627136154'><pre>org.openqa.selenium.SessionNotCreatedException: session not created: This version of Microsoft Edge WebDriver only supports Microsoft Edge version 105
Current browser version is 107.0.1418.26 with binary path C:\Program Files (x86)\Microsoft\Edge\Application\msedge.exe
Build info: version: &apos;3.141.59&apos;, revision: &apos;e82be7d358&apos;, time: &apos;2018-11-14T08:17:03&apos;
System info: host: &apos;LAPTOP-9FGT47P4&apos;, ip: &apos;192.168.43.209&apos;, os.name: &apos;Windows 10&apos;, os.arch: &apos;amd64&apos;, os.version: &apos;10.0&apos;, java.version: &apos;18.0.1.1&apos;
Driver info: driver.version: EdgeDriver
remote stacktrace: Backtrace:
	Microsoft::Applications::Events::EventProperties::SetProperty [0x00007FF6EA252352+17554]
	Microsoft::Applications::Events::EventProperty::EventProperty [0x00007FF6EA1EECA2+1438690]
	Ordinal0 [0x00007FF6E9E19345+627525]
	Ordinal0 [0x00007FF6E9E473D4+816084]
	Ordinal0 [0x00007FF6E9E428B3+796851]
	Ordinal0 [0x00007FF6E9E3D9F0+776688]
	Ordinal0 [0x00007FF6E9E7969F+1021599]
	Ordinal0 [0x00007FF6E9E73A43+997955]
	Ordinal0 [0x00007FF6E9E494C0+824512]
	Ordinal0 [0x00007FF6E9E4A9F8+829944]
	Microsoft::Applications::Events::EventProperty::EventProperty [0x00007FF6EA0B0588+134344]
	Microsoft::Applications::Events::EventProperty::EventProperty [0x00007FF6EA099EB5+42485]
	Microsoft::Applications::Events::EventProperty::EventProperty [0x00007FF6EA09CF9C+55004]
	Ordinal0 [0x00007FF6E9F02E94+1584788]
	Microsoft::Applications::Events::EventProperty::EventProperty [0x00007FF6EA1F43EB+1461035]
	Microsoft::Applications::Events::EventProperty::EventProperty [0x00007FF6EA1F83B4+1477364]
	Microsoft::Applications::Events::EventProperty::EventProperty [0x00007FF6EA1F850D+1477709]
	Microsoft::Applications::Events::EventProperty::EventProperty [0x00007FF6EA2004D9+1510425]
	BaseThreadInitThunk [0x00007FFD5AFE7034+20]
	RtlUserThreadStart [0x00007FFD5BCA26A1+33]

	at java.base/jdk.internal.reflect.DirectConstructorHandleAccessor.newInstance(DirectConstructorHandleAccessor.java:67)
	at java.base/java.lang.reflect.Constructor.newInstanceWithCaller(Constructor.java:499)
	at java.base/java.lang.reflect.Constructor.newInstance(Constructor.java:483)
	at org.openqa.selenium.remote.W3CHandshakeResponse.lambda$errorHandler$0(W3CHandshakeResponse.java:62)
	at org.openqa.selenium.remote.HandshakeResponse.lambda$getResponseFunction$0(HandshakeResponse.java:30)
	at org.openqa.selenium.remote.ProtocolHandshake.lambda$createSession$0(ProtocolHandshake.java:126)
	at java.base/java.util.stream.ReferencePipeline$3$1.accept(ReferencePipeline.java:197)
	at java.base/java.util.Spliterators$ArraySpliterator.tryAdvance(Spliterators.java:1002)
	at java.base/java.util.stream.ReferencePipeline.forEachWithCancel(ReferencePipeline.java:129)
	at java.base/java.util.stream.AbstractPipeline.copyIntoWithCancel(AbstractPipeline.java:527)
	at java.base/java.util.stream.AbstractPipeline.copyInto(AbstractPipeline.java:513)
	at java.base/java.util.stream.AbstractPipeline.wrapAndCopyInto(AbstractPipeline.java:499)
	at java.base/java.util.stream.FindOps$FindOp.evaluateSequential(FindOps.java:150)
	at java.base/java.util.stream.AbstractPipeline.evaluate(AbstractPipeline.java:234)
	at java.base/java.util.stream.ReferencePipeline.findFirst(ReferencePipeline.java:647)
	at org.openqa.selenium.remote.ProtocolHandshake.createSession(ProtocolHandshake.java:128)
	at org.openqa.selenium.remote.ProtocolHandshake.createSession(ProtocolHandshake.java:74)
	at org.openqa.selenium.remote.HttpCommandExecutor.execute(HttpCommandExecutor.java:136)
	at org.openqa.selenium.remote.service.DriverCommandExecutor.execute(DriverCommandExecutor.java:83)
	at org.openqa.selenium.remote.RemoteWebDriver.execute(RemoteWebDriver.java:552)
	at org.openqa.selenium.remote.RemoteWebDriver.startSession(RemoteWebDriver.java:213)
	at org.openqa.selenium.remote.RemoteWebDriver.&lt;init&gt;(RemoteWebDriver.java:131)
	at org.openqa.selenium.edge.EdgeDriver.&lt;init&gt;(EdgeDriver.java:141)
	at org.openqa.selenium.edge.EdgeDriver.&lt;init&gt;(EdgeDriver.java:96)
	at setup.Base.openMSEdgeBrowser(Base.java:21)
	at testclasses.VerifySSC_CGL_TestSeriesFunctionality.browserLaunch(VerifySSC_CGL_TestSeriesFunctionality.java:42)
	at java.base/jdk.internal.reflect.DirectMethodHandleAccessor.invoke(DirectMethodHandleAccessor.java:104)
	at java.base/java.lang.reflect.Method.invoke(Method.java:577)
	at org.testng.internal.MethodInvocationHelper.invokeMethod(MethodInvocationHelper.java:133)
	at org.testng.internal.MethodInvocationHelper.invokeMethodConsideringTimeout(MethodInvocationHelper.java:62)
	at org.testng.internal.ConfigInvoker.invokeConfigurationMethod(ConfigInvoker.java:385)
	at org.testng.internal.ConfigInvoker.invokeConfigurations(ConfigInvoker.java:321)
	at org.testng.TestRunner.invokeTestConfigurations(TestRunner.java:637)
	at org.testng.TestRunner.beforeRun(TestRunner.java:627)
	at org.testng.TestRunner.run(TestRunner.java:589)
	at org.testng.SuiteRunner.runTest(SuiteRunner.java:377)
	at org.testng.SuiteRunner.runSequentially(SuiteRunner.java:371)
	at org.testng.SuiteRunner.privateRun(SuiteRunner.java:332)
	at org.testng.SuiteRunner.run(SuiteRunner.java:276)
	at org.testng.SuiteRunnerWorker.runSuite(SuiteRunnerWorker.java:53)
	at org.testng.SuiteRunnerWorker.run(SuiteRunnerWorker.java:96)
	at org.testng.TestNG.runSuitesSequentially(TestNG.java:1212)
	at org.testng.TestNG.runSuitesLocally(TestNG.java:1134)
	at org.testng.TestNG.runSuites(TestNG.java:1063)
	at org.testng.TestNG.run(TestNG.java:1031)
	at org.testng.remote.AbstractRemoteTestNG.run(AbstractRemoteTestNG.java:115)
	at org.testng.remote.RemoteTestNG.initAndRun(RemoteTestNG.java:251)
	at org.testng.remote.RemoteTestNG.main(RemoteTestNG.java:77)
</pre></div></td>
<td>0</td>
<td>testclasses.VerifySubCategoryLinksOnSSC_CGL_CoursePage_testNG@1283bb96</td></tr>
</table><p>
</body>
</html>