<?xml version="1.0" encoding="UTF-8"?>
<!-- Generated by org.testng.reporters.JUnitXMLReporter -->
<testsuite ignored="0" hostname="LAPTOP-9FGT47P4" failures="0" tests="8" name="EdgeTest" time="17.641" errors="0" timestamp="2022-11-02T15:39:52 IST">
  <testcase classname="testclasses.VerifySSC_CGL_TestSeriesFunctionality" name="@BeforeTest browserLaunch" time="17.437">
    <failure type="org.openqa.selenium.SessionNotCreatedException" message="session not created: This version of Microsoft Edge WebDriver only supports Microsoft Edge version 105
Current browser version is 107.0.1418.26 with binary path C:\Program Files (x86)\Microsoft\Edge\Application\msedge.exe
Build info: version: &amp;apos;3.141.59&amp;apos;, revision: &amp;apos;e82be7d358&amp;apos;, time: &amp;apos;2018-11-14T08:17:03&amp;apos;
System info: host: &amp;apos;LAPTOP-9FGT47P4&amp;apos;, ip: &amp;apos;192.168.43.209&amp;apos;, os.name: &amp;apos;Windows 10&amp;apos;, os.arch: &amp;apos;amd64&amp;apos;, os.version: &amp;apos;10.0&amp;apos;, java.version: &amp;apos;18.0.1.1&amp;apos;
Driver info: driver.version: EdgeDriver
remote stacktrace: Backtrace:
	Microsoft::Applications::Events::EventProperties::SetProperty [0x00007FF6EA252352+17554]
	Microsoft::Applications::Events::EventProperty::EventProperty [0x00007FF6EA1EECA2+1438690]
	Ordinal0 [0x00007FF6E9E19345+627525]
	Ordinal0 [0x00007FF6E9E473D4+816084]
	Ordinal0 [0x00007FF6E9E428B3+796851]
	Ordinal0 [0x00007FF6E9E3D9F0+776688]
	Ordinal0 [0x00007FF6E9E7969F+1021599]
	Ordinal0 [0x00007FF6E9E73A43+997955]
	Ordinal0 [0x00007FF6E9E494C0+824512]
	Ordinal0 [0x00007FF6E9E4A9F8+829944]
	Microsoft::Applications::Events::EventProperty::EventProperty [0x00007FF6EA0B0588+134344]
	Microsoft::Applications::Events::EventProperty::EventProperty [0x00007FF6EA099EB5+42485]
	Microsoft::Applications::Events::EventProperty::EventProperty [0x00007FF6EA09CF9C+55004]
	Ordinal0 [0x00007FF6E9F02E94+1584788]
	Microsoft::Applications::Events::EventProperty::EventProperty [0x00007FF6EA1F43EB+1461035]
	Microsoft::Applications::Events::EventProperty::EventProperty [0x00007FF6EA1F83B4+1477364]
	Microsoft::Applications::Events::EventProperty::EventProperty [0x00007FF6EA1F850D+1477709]
	Microsoft::Applications::Events::EventProperty::EventProperty [0x00007FF6EA2004D9+1510425]
	BaseThreadInitThunk [0x00007FFD5AFE7034+20]
	RtlUserThreadStart [0x00007FFD5BCA26A1+33]
">
      <![CDATA[org.openqa.selenium.SessionNotCreatedException: session not created: This version of Microsoft Edge WebDriver only supports Microsoft Edge version 105
Current browser version is 107.0.1418.26 with binary path C:\Program Files (x86)\Microsoft\Edge\Application\msedge.exe
Build info: version: '3.141.59', revision: 'e82be7d358', time: '2018-11-14T08:17:03'
System info: host: 'LAPTOP-9FGT47P4', ip: '192.168.43.209', os.name: 'Windows 10', os.arch: 'amd64', os.version: '10.0', java.version: '18.0.1.1'
Driver info: driver.version: EdgeDriver
remote stacktrace: Backtrace:
Microsoft::Applications::Events::EventProperties::SetProperty [0x00007FF6EA252352+17554]
Microsoft::Applications::Events::EventProperty::EventProperty [0x00007FF6EA1EECA2+1438690]
Ordinal0 [0x00007FF6E9E19345+627525]
Ordinal0 [0x00007FF6E9E473D4+816084]
Ordinal0 [0x00007FF6E9E428B3+796851]
Ordinal0 [0x00007FF6E9E3D9F0+776688]
Ordinal0 [0x00007FF6E9E7969F+1021599]
Ordinal0 [0x00007FF6E9E73A43+997955]
Ordinal0 [0x00007FF6E9E494C0+824512]
Ordinal0 [0x00007FF6E9E4A9F8+829944]
Microsoft::Applications::Events::EventProperty::EventProperty [0x00007FF6EA0B0588+134344]
Microsoft::Applications::Events::EventProperty::EventProperty [0x00007FF6EA099EB5+42485]
Microsoft::Applications::Events::EventProperty::EventProperty [0x00007FF6EA09CF9C+55004]
Ordinal0 [0x00007FF6E9F02E94+1584788]
Microsoft::Applications::Events::EventProperty::EventProperty [0x00007FF6EA1F43EB+1461035]
Microsoft::Applications::Events::EventProperty::EventProperty [0x00007FF6EA1F83B4+1477364]
Microsoft::Applications::Events::EventProperty::EventProperty [0x00007FF6EA1F850D+1477709]
Microsoft::Applications::Events::EventProperty::EventProperty [0x00007FF6EA2004D9+1510425]
BaseThreadInitThunk [0x00007FFD5AFE7034+20]
RtlUserThreadStart [0x00007FFD5BCA26A1+33]

at org.openqa.selenium.remote.W3CHandshakeResponse.lambda$errorHandler$0(W3CHandshakeResponse.java:62)
at org.openqa.selenium.remote.HandshakeResponse.lambda$getResponseFunction$0(HandshakeResponse.java:30)
at org.openqa.selenium.remote.ProtocolHandshake.lambda$createSession$0(ProtocolHandshake.java:126)
at java.base/java.util.stream.ReferencePipeline$3$1.accept(ReferencePipeline.java:197)
at java.base/java.util.Spliterators$ArraySpliterator.tryAdvance(Spliterators.java:1002)
at java.base/java.util.stream.ReferencePipeline.forEachWithCancel(ReferencePipeline.java:129)
at java.base/java.util.stream.AbstractPipeline.copyIntoWithCancel(AbstractPipeline.java:527)
at java.base/java.util.stream.AbstractPipeline.copyInto(AbstractPipeline.java:513)
at java.base/java.util.stream.AbstractPipeline.wrapAndCopyInto(AbstractPipeline.java:499)
at java.base/java.util.stream.FindOps$FindOp.evaluateSequential(FindOps.java:150)
at java.base/java.util.stream.AbstractPipeline.evaluate(AbstractPipeline.java:234)
at java.base/java.util.stream.ReferencePipeline.findFirst(ReferencePipeline.java:647)
at org.openqa.selenium.remote.ProtocolHandshake.createSession(ProtocolHandshake.java:128)
at org.openqa.selenium.remote.ProtocolHandshake.createSession(ProtocolHandshake.java:74)
at org.openqa.selenium.remote.HttpCommandExecutor.execute(HttpCommandExecutor.java:136)
at org.openqa.selenium.remote.service.DriverCommandExecutor.execute(DriverCommandExecutor.java:83)
at org.openqa.selenium.remote.RemoteWebDriver.execute(RemoteWebDriver.java:552)
at org.openqa.selenium.remote.RemoteWebDriver.startSession(RemoteWebDriver.java:213)
at org.openqa.selenium.remote.RemoteWebDriver.<init>(RemoteWebDriver.java:131)
at org.openqa.selenium.edge.EdgeDriver.<init>(EdgeDriver.java:141)
at org.openqa.selenium.edge.EdgeDriver.<init>(EdgeDriver.java:96)
at setup.Base.openMSEdgeBrowser(Base.java:21)
at testclasses.VerifySSC_CGL_TestSeriesFunctionality.browserLaunch(VerifySSC_CGL_TestSeriesFunctionality.java:42)
... Removed 25 stack frames]]>
    </failure>
  </testcase> <!-- @BeforeTest browserLaunch -->
  <testcase classname="testclasses.VerifySubCategoryLinksOnSSC_CGL_CoursePage_testNG" name="@BeforeTest browserLaunch" time="-1.667383792041E9">
    <skipped/>
  </testcase> <!-- @BeforeTest browserLaunch -->
  <testcase classname="testclasses.VerifySubCategoryLinksOnSSC_CGL_CoursePage_testNG" name="@BeforeClass createPOMObjects" time="-1.667383792054E9">
    <skipped/>
  </testcase> <!-- @BeforeClass createPOMObjects -->
  <testcase classname="testclasses.VerifySSC_CGL_TestSeriesFunctionality" name="@BeforeClass createPOMObjects" time="-1.667383792058E9">
    <skipped/>
  </testcase> <!-- @BeforeClass createPOMObjects -->
  <testcase classname="testclasses.VerifySSC_CGL_TestSeriesFunctionality" name="@BeforeMethod openSSC_CGL_coursePage" time="-1.667383792061E9">
    <skipped/>
  </testcase> <!-- @BeforeMethod openSSC_CGL_coursePage -->
  <testcase classname="testclasses.VerifySubCategoryLinksOnSSC_CGL_CoursePage_testNG" name="@BeforeMethod openSSC_CGL_coursePage" time="-1.667383792062E9">
    <skipped/>
  </testcase> <!-- @BeforeMethod openSSC_CGL_coursePage -->
  <testcase classname="testclasses.VerifySSC_CGL_TestSeriesFunctionality" name="@AfterMethod logoutFromApplication" time="-1.667383792077E9">
    <skipped/>
  </testcase> <!-- @AfterMethod logoutFromApplication -->
  <testcase classname="testclasses.VerifySSC_CGL_TestSeriesFunctionality" name="@BeforeMethod openSSC_CGL_coursePage" time="-1.667383792081E9">
    <skipped/>
  </testcase> <!-- @BeforeMethod openSSC_CGL_coursePage -->
  <testcase classname="testclasses.VerifySubCategoryLinksOnSSC_CGL_CoursePage_testNG" name="@AfterMethod logoutFromApplication" time="-1.667383792082E9">
    <skipped/>
  </testcase> <!-- @AfterMethod logoutFromApplication -->
  <testcase classname="testclasses.VerifySubCategoryLinksOnSSC_CGL_CoursePage_testNG" name="@BeforeMethod openSSC_CGL_coursePage" time="-1.667383792092E9">
    <skipped/>
  </testcase> <!-- @BeforeMethod openSSC_CGL_coursePage -->
  <testcase classname="testclasses.VerifySSC_CGL_TestSeriesFunctionality" name="@AfterMethod logoutFromApplication" time="-1.667383792099E9">
    <skipped/>
  </testcase> <!-- @AfterMethod logoutFromApplication -->
  <testcase classname="testclasses.VerifySSC_CGL_TestSeriesFunctionality" name="@AfterClass clearObject" time="-1.667383792103E9">
    <skipped/>
  </testcase> <!-- @AfterClass clearObject -->
  <testcase classname="testclasses.VerifySubCategoryLinksOnSSC_CGL_CoursePage_testNG" name="@AfterMethod logoutFromApplication" time="-1.667383792112E9">
    <skipped/>
  </testcase> <!-- @AfterMethod logoutFromApplication -->
  <testcase classname="testclasses.VerifySubCategoryLinksOnSSC_CGL_CoursePage_testNG" name="@BeforeMethod openSSC_CGL_coursePage" time="-1.667383792117E9">
    <skipped/>
  </testcase> <!-- @BeforeMethod openSSC_CGL_coursePage -->
  <testcase classname="testclasses.VerifySubCategoryLinksOnSSC_CGL_CoursePage_testNG" name="@AfterMethod logoutFromApplication" time="-1.667383792152E9">
    <skipped/>
  </testcase> <!-- @AfterMethod logoutFromApplication -->
  <testcase classname="testclasses.VerifySubCategoryLinksOnSSC_CGL_CoursePage_testNG" name="@BeforeMethod openSSC_CGL_coursePage" time="-1.667383792157E9">
    <skipped/>
  </testcase> <!-- @BeforeMethod openSSC_CGL_coursePage -->
  <testcase classname="testclasses.VerifySubCategoryLinksOnSSC_CGL_CoursePage_testNG" name="@AfterMethod logoutFromApplication" time="-1.667383792185E9">
    <skipped/>
  </testcase> <!-- @AfterMethod logoutFromApplication -->
  <testcase classname="testclasses.VerifySubCategoryLinksOnSSC_CGL_CoursePage_testNG" name="@BeforeMethod openSSC_CGL_coursePage" time="-1.667383792188E9">
    <skipped/>
  </testcase> <!-- @BeforeMethod openSSC_CGL_coursePage -->
  <testcase classname="testclasses.VerifySubCategoryLinksOnSSC_CGL_CoursePage_testNG" name="@AfterMethod logoutFromApplication" time="-1.667383792212E9">
    <skipped/>
  </testcase> <!-- @AfterMethod logoutFromApplication -->
  <testcase classname="testclasses.VerifySubCategoryLinksOnSSC_CGL_CoursePage_testNG" name="@AfterClass clearObject" time="-1.667383792219E9">
    <skipped/>
  </testcase> <!-- @AfterClass clearObject -->
  <testcase classname="testclasses.VerifySSC_CGL_TestSeriesFunctionality" name="@AfterTest CloseBrowser" time="-1.667383792227E9">
    <skipped/>
  </testcase> <!-- @AfterTest CloseBrowser -->
  <testcase classname="testclasses.VerifySubCategoryLinksOnSSC_CGL_CoursePage_testNG" name="@AfterTest CloseBrowser" time="-1.667383792231E9">
    <skipped/>
  </testcase> <!-- @AfterTest CloseBrowser -->
  <testcase classname="testclasses.VerifySSC_CGL_TestSeriesFunctionality" name="Verify_SSC_CGL_TestSeriesButton" time="0.0">
    <skipped/>
  </testcase> <!-- Verify_SSC_CGL_TestSeriesButton -->
  <testcase classname="testclasses.VerifySubCategoryLinksOnSSC_CGL_CoursePage_testNG" name="Verify_SSC_CGL_TestSeriesButton" time="0.0">
    <skipped/>
  </testcase> <!-- Verify_SSC_CGL_TestSeriesButton -->
  <testcase classname="testclasses.VerifySSC_CGL_TestSeriesFunctionality" name="VerifyUserAbleToBuySSC_CGL_MockTestSeriesPack" time="0.0">
    <skipped/>
  </testcase> <!-- VerifyUserAbleToBuySSC_CGL_MockTestSeriesPack -->
  <testcase classname="testclasses.VerifySubCategoryLinksOnSSC_CGL_CoursePage_testNG" name="Verify_SSC_CGL_TestSeriesButton" time="0.0">
    <skipped/>
  </testcase> <!-- Verify_SSC_CGL_TestSeriesButton -->
  <testcase classname="testclasses.VerifySubCategoryLinksOnSSC_CGL_CoursePage_testNG" name="Verify_SSC_CGL_VideoCoursesButton" time="0.0">
    <skipped/>
  </testcase> <!-- Verify_SSC_CGL_VideoCoursesButton -->
  <testcase classname="testclasses.VerifySubCategoryLinksOnSSC_CGL_CoursePage_testNG" name="Verify_SSC_CGL_OnlineLiveClassesButton" time="0.0">
    <skipped/>
  </testcase> <!-- Verify_SSC_CGL_OnlineLiveClassesButton -->
  <testcase classname="testclasses.VerifySubCategoryLinksOnSSC_CGL_CoursePage_testNG" name="Verify_SSC_CGL_BooksButton" time="0.0">
    <skipped/>
  </testcase> <!-- Verify_SSC_CGL_BooksButton -->
  <testcase classname="testclasses.VerifySubCategoryLinksOnSSC_CGL_CoursePage_testNG" name="Verify_SSC_CGL_ebooksButton" time="0.0">
    <skipped/>
  </testcase> <!-- Verify_SSC_CGL_ebooksButton -->
</testsuite> <!-- EdgeTest -->
