<?xml version="1.0" encoding="UTF-8"?>
<!-- Generated by org.testng.reporters.JUnitXMLReporter -->
<testsuite ignored="0" hostname="LAPTOP-9FGT47P4" failures="0" tests="2" name="Default test" time="0.148" errors="0" timestamp="2022-11-02T19:38:34 IST">
  <testcase classname="testclasses.VerifySSC_CGL_TestSeriesFunctionality" name="@BeforeTest browserLaunch" time="-1.667398114583E9">
    <failure type="org.testng.TestNGException" message="
Parameter &amp;apos;browser&amp;apos; is required by BeforeTest on method browserLaunch but has not been marked @Optional or defined
in C:\Users\HP\AppData\Local\Temp\testng-eclipse--873647579\testng-customsuite.xml">
      <![CDATA[org.testng.TestNGException: 
Parameter 'browser' is required by BeforeTest on method browserLaunch but has not been marked @Optional or defined
in C:\Users\HP\AppData\Local\Temp\testng-eclipse--873647579\testng-customsuite.xml
at org.testng.internal.Parameters.createParams(Parameters.java:270)
at org.testng.internal.Parameters.createParametersForMethod(Parameters.java:358)
at org.testng.internal.Parameters.createParameters(Parameters.java:700)
at org.testng.internal.Parameters.createConfigurationParameters(Parameters.java:168)
at org.testng.internal.ConfigInvoker.invokeConfigurations(ConfigInvoker.java:302)
at org.testng.TestRunner.invokeTestConfigurations(TestRunner.java:637)
at org.testng.TestRunner.beforeRun(TestRunner.java:627)
at org.testng.TestRunner.run(TestRunner.java:589)
at org.testng.SuiteRunner.runTest(SuiteRunner.java:377)
at org.testng.SuiteRunner.runSequentially(SuiteRunner.java:371)
at org.testng.SuiteRunner.privateRun(SuiteRunner.java:332)
at org.testng.SuiteRunner.run(SuiteRunner.java:276)
at org.testng.SuiteRunnerWorker.runSuite(SuiteRunnerWorker.java:53)
at org.testng.SuiteRunnerWorker.run(SuiteRunnerWorker.java:96)
at org.testng.TestNG.runSuitesSequentially(TestNG.java:1212)
at org.testng.TestNG.runSuitesLocally(TestNG.java:1134)
at org.testng.TestNG.runSuites(TestNG.java:1063)
at org.testng.TestNG.run(TestNG.java:1031)
at org.testng.remote.AbstractRemoteTestNG.run(AbstractRemoteTestNG.java:115)
at org.testng.remote.RemoteTestNG.initAndRun(RemoteTestNG.java:251)
at org.testng.remote.RemoteTestNG.main(RemoteTestNG.java:77)
]]>
    </failure>
  </testcase> <!-- @BeforeTest browserLaunch -->
  <testcase classname="testclasses.VerifySSC_CGL_TestSeriesFunctionality" name="@BeforeClass createPOMObjects" time="-1.667398114635E9">
    <skipped/>
  </testcase> <!-- @BeforeClass createPOMObjects -->
  <testcase classname="testclasses.VerifySSC_CGL_TestSeriesFunctionality" name="@BeforeMethod openSSC_CGL_coursePage" time="-1.667398114658E9">
    <skipped/>
  </testcase> <!-- @BeforeMethod openSSC_CGL_coursePage -->
  <testcase classname="testclasses.VerifySSC_CGL_TestSeriesFunctionality" name="@AfterMethod logoutFromApplication" time="-1.667398114674E9">
    <skipped/>
  </testcase> <!-- @AfterMethod logoutFromApplication -->
  <testcase classname="testclasses.VerifySSC_CGL_TestSeriesFunctionality" name="@BeforeMethod openSSC_CGL_coursePage" time="-1.667398114695E9">
    <skipped/>
  </testcase> <!-- @BeforeMethod openSSC_CGL_coursePage -->
  <testcase classname="testclasses.VerifySSC_CGL_TestSeriesFunctionality" name="@AfterMethod logoutFromApplication" time="-1.667398114706E9">
    <skipped/>
  </testcase> <!-- @AfterMethod logoutFromApplication -->
  <testcase classname="testclasses.VerifySSC_CGL_TestSeriesFunctionality" name="@AfterClass clearObject" time="-1.66739811471E9">
    <skipped/>
  </testcase> <!-- @AfterClass clearObject -->
  <testcase classname="testclasses.VerifySSC_CGL_TestSeriesFunctionality" name="@AfterTest CloseBrowser" time="-1.667398114714E9">
    <skipped/>
  </testcase> <!-- @AfterTest CloseBrowser -->
  <testcase classname="testclasses.VerifySSC_CGL_TestSeriesFunctionality" name="Verify_SSC_CGL_TestSeriesButton" time="0.0">
    <skipped/>
  </testcase> <!-- Verify_SSC_CGL_TestSeriesButton -->
  <testcase classname="testclasses.VerifySSC_CGL_TestSeriesFunctionality" name="VerifyUserAbleToBuySSC_CGL_MockTestSeriesPack" time="0.0">
    <skipped/>
  </testcase> <!-- VerifyUserAbleToBuySSC_CGL_MockTestSeriesPack -->
</testsuite> <!-- Default test -->
